<?xml version="1.0" encoding="UTF-8"?>
<robot generator="Robot 7.1 (Python 3.12.3 on win32)" generated="2024-11-08T15:40:46.552601" rpa="false" schemaversion="5">
<suite id="s1" name="Validaciones Continua Empresa Browser" source="c:\Users\LENOVOPC\Desktop\automation-test\tests\Validaciones_Continua_Empresa_Browser.robot">
<kw name="Configurar Tiempos de Espera" owner="keywords" type="SETUP">
<kw name="Set Appium Timeout" owner="AppiumLibrary">
<arg>120s</arg>
<doc>Sets the timeout in seconds used by various keywords.</doc>
<status status="PASS" start="2024-11-08T15:40:47.023527" elapsed="0.001093"/>
</kw>
<status status="PASS" start="2024-11-08T15:40:47.022524" elapsed="0.002096"/>
</kw>
<test id="s1-t1" name="Validación de error al borrar nombre de empresa" line="23">
<kw name="Abrir App" owner="keywords">
<kw name="Open Application" owner="AppiumLibrary">
<arg>${BROWSERSTACK_URL}</arg>
<arg>platformName=${PLATFORM_NAME}</arg>
<arg>deviceName=${DEVICE_NAME}</arg>
<arg>app=${APP}</arg>
<arg>automationName=${AUTOMATION_NAME}</arg>
<doc>Opens a new application to given Appium server.
Capabilities of appium server, Android and iOS,
Please check https://appium.io/docs/en/2.1/cli/args/
| *Option*            | *Man.* | *Description*     |
| remote_url          | Yes    | Appium server url |
| alias               | no     | alias             |
| strict_ssl          | No     | allows you to send commands to an invalid certificate host like a self-signed one. |</doc>
<status status="PASS" start="2024-11-08T15:40:47.026654" elapsed="40.337330"/>
</kw>
<status status="PASS" start="2024-11-08T15:40:47.025660" elapsed="40.338324"/>
</kw>
<kw name="Click En Elemento" owner="keywords">
<kw name="Wait Until Page Contains Element" owner="AppiumLibrary">
<msg time="2024-11-08T15:41:28.467882" level="INFO">xpath criteria: //android.widget.Button[@content-desc="Continúa con tu empresa"]</msg>
<arg>${elemento}</arg>
<doc>Waits until element specified with `locator` appears on current page.</doc>
<status status="PASS" start="2024-11-08T15:41:27.365983" elapsed="1.102859"/>
</kw>
<kw name="Click Element" owner="AppiumLibrary">
<msg time="2024-11-08T15:41:28.474339" level="INFO">Clicking element '//android.widget.Button[@content-desc="Continúa con tu empresa"]'.</msg>
<msg time="2024-11-08T15:41:30.093467" level="INFO">xpath criteria: //android.widget.Button[@content-desc="Continúa con tu empresa"]</msg>
<arg>${elemento}</arg>
<doc>Click element identified by `locator`.</doc>
<status status="PASS" start="2024-11-08T15:41:28.468842" elapsed="1.624625"/>
</kw>
<arg>${BTN_CONTINUAR_EMPRESA}</arg>
<status status="PASS" start="2024-11-08T15:41:27.364982" elapsed="2.728485"/>
</kw>
<kw name="Ingresar Nombre Empresa" owner="keywords">
<kw name="Input Text" owner="AppiumLibrary">
<msg time="2024-11-08T15:41:30.100449" level="INFO">Typing text 'Empresa pruebas' into text field '//android.widget.EditText'</msg>
<msg time="2024-11-08T15:41:30.482489" level="INFO">xpath criteria: //android.widget.EditText</msg>
<arg>${FIELD_NOMBRE_EMPRESA}</arg>
<arg>${nombre_empresa}</arg>
<doc>Types the given `text` into text field identified by `locator`.</doc>
<status status="PASS" start="2024-11-08T15:41:30.095462" elapsed="0.388031"/>
</kw>
<arg>${NAME_COMPANY}</arg>
<status status="PASS" start="2024-11-08T15:41:30.094480" elapsed="0.390011"/>
</kw>
<kw name="Borrar Campo Empresa" owner="keywords">
<kw name="Clear Text" owner="AppiumLibrary">
<msg time="2024-11-08T15:41:30.489483" level="INFO">Clear text field '//android.widget.EditText'</msg>
<msg time="2024-11-08T15:41:31.262750" level="INFO">xpath criteria: //android.widget.EditText</msg>
<arg>${FIELD_NOMBRE_EMPRESA}</arg>
<doc>Clears the text field identified by `locator`.</doc>
<status status="PASS" start="2024-11-08T15:41:30.485495" elapsed="0.777255"/>
</kw>
<status status="PASS" start="2024-11-08T15:41:30.485495" elapsed="0.777255"/>
</kw>
<kw name="Click En Elemento" owner="keywords">
<kw name="Wait Until Page Contains Element" owner="AppiumLibrary">
<msg time="2024-11-08T15:41:31.861193" level="INFO">xpath criteria: //android.widget.Button[@content-desc="Continuar"]</msg>
<arg>${elemento}</arg>
<doc>Waits until element specified with `locator` appears on current page.</doc>
<status status="PASS" start="2024-11-08T15:41:31.265154" elapsed="0.596039"/>
</kw>
<kw name="Click Element" owner="AppiumLibrary">
<msg time="2024-11-08T15:41:31.863727" level="INFO">Clicking element '//android.widget.Button[@content-desc="Continuar"]'.</msg>
<msg time="2024-11-08T15:41:32.311673" level="INFO">xpath criteria: //android.widget.Button[@content-desc="Continuar"]</msg>
<arg>${elemento}</arg>
<doc>Click element identified by `locator`.</doc>
<status status="PASS" start="2024-11-08T15:41:31.861193" elapsed="0.450480"/>
</kw>
<arg>${BTN_CONTINUAR}</arg>
<status status="PASS" start="2024-11-08T15:41:31.263774" elapsed="1.048895"/>
</kw>
<kw name="Verificar Mensaje De Error" owner="keywords">
<kw name="Wait Until Element Is Visible" owner="AppiumLibrary">
<msg time="2024-11-08T15:41:33.252471" level="INFO">xpath criteria: //android.view.View[contains(@content-desc,"Escribe el nombre de tu empresa para continuar.")]</msg>
<arg>${element}</arg>
<doc>Waits until element specified with `locator` is visible.</doc>
<status status="PASS" start="2024-11-08T15:41:32.313687" elapsed="0.939787"/>
</kw>
<arg>${ERROR_ESCRIBIR_EMPRESA}</arg>
<status status="PASS" start="2024-11-08T15:41:32.313687" elapsed="0.939787"/>
</kw>
<status status="PASS" start="2024-11-08T15:40:47.024620" elapsed="46.229850"/>
</test>
<status status="PASS" start="2024-11-08T15:40:46.562609" elapsed="46.693861"/>
</suite>
<statistics>
<total>
<stat pass="1" fail="0" skip="0">All Tests</stat>
</total>
<tag>
</tag>
<suite>
<stat pass="1" fail="0" skip="0" id="s1" name="Validaciones Continua Empresa Browser">Validaciones Continua Empresa Browser</stat>
</suite>
</statistics>
<errors>
<msg time="2024-11-08T15:40:47.011093" level="ERROR">Error in file 'c:\Users\LENOVOPC\Desktop\automation-test\resources\android\keywords\keywords.robot' on line 3: Setting 'Suite Setup' is not allowed in resource file.</msg>
</errors>
</robot>
