<?xml version="1.0" encoding="UTF-8"?>
<robot generator="Robot 7.0.1 (Python 3.12.4 on win32)" generated="2024-11-08T18:00:56.041104" rpa="false" schemaversion="5">
<suite id="s1" name="Happy path login-BrowserStack" source="c:\Users\Usuario\Documents\automation-test\tests\Happy_path_login-BrowserStack.robot">
<kw name="Configurar Tiempos de Espera" owner="keywords" type="SETUP">
<kw name="Set Appium Timeout" owner="AppiumLibrary">
<arg>120s</arg>
<doc>Sets the timeout in seconds used by various keywords.</doc>
<status status="PASS" start="2024-11-08T18:00:56.474492" elapsed="0.000976"/>
</kw>
<status status="PASS" start="2024-11-08T18:00:56.473516" elapsed="0.001952"/>
</kw>
<test id="s1-t1" name="Login Con Celular BrowserStack" line="34">
<kw name="Abrir Aplicación BrowserStack" owner="keywords">
<kw name="Open Application" owner="AppiumLibrary">
<arg>${BROWSERSTACK_URL}</arg>
<arg>platformName=${platform}</arg>
<arg>deviceName=${device}</arg>
<arg>app=${app}</arg>
<arg>automationName=${automation}</arg>
<doc>Opens a new application to given Appium server.
Capabilities of appium server, Android and iOS,
Please check https://appium.io/docs/en/2.1/cli/args/
| *Option*            | *Man.* | *Description*     |
| remote_url          | Yes    | Appium server url |
| alias               | no     | alias             |
| strict_ssl          | No     | allows you to send commands to an invalid certificate host like a self-signed one. |</doc>
<status status="PASS" start="2024-11-08T18:00:56.478395" elapsed="35.626078"/>
</kw>
<doc>Abre la aplicación en BrowserStack.</doc>
<status status="PASS" start="2024-11-08T18:00:56.477769" elapsed="35.627679"/>
</kw>
<kw name="Esperar Elemento" owner="keywords">
<kw name="Wait Until Page Contains Element" owner="AppiumLibrary">
<msg time="2024-11-08T18:01:33.382697" level="INFO">xpath criteria: //android.widget.Button[@content-desc="Continúa con tu empresa"]
xpath criteria: //android.widget.Button[@content-desc="Continúa con tu empresa"]</msg>
<arg>${element_locator}</arg>
<arg>timeout=60s</arg>
<doc>Waits until element specified with `locator` appears on current page.</doc>
<status status="PASS" start="2024-11-08T18:01:32.112870" elapsed="1.281921"/>
</kw>
<arg>${LOGIN_SUBMIT_CONTINUACONEMPRESA}</arg>
<doc>Espera hasta que un elemento esté presente en la pantalla.</doc>
<status status="PASS" start="2024-11-08T18:01:32.110329" elapsed="1.285435"/>
</kw>
<kw name="Clic en Continuar Empresa" owner="keywords">
<kw name="Click Element" owner="AppiumLibrary">
<msg time="2024-11-08T18:01:33.401865" level="INFO">Clicking element '//android.widget.Button[@content-desc="Continúa con tu empresa"]'.</msg>
<msg time="2024-11-08T18:01:34.965755" level="INFO">xpath criteria: //android.widget.Button[@content-desc="Continúa con tu empresa"]</msg>
<arg>${LOGIN_SUBMIT_CONTINUACONEMPRESA}</arg>
<doc>Click element identified by `locator`.</doc>
<status status="PASS" start="2024-11-08T18:01:33.397716" elapsed="1.568959"/>
</kw>
<doc>Da clic en el botón para continuar con tu empresa.</doc>
<status status="PASS" start="2024-11-08T18:01:33.396744" elapsed="1.569931"/>
</kw>
<kw name="Esperar Elemento" owner="keywords">
<kw name="Wait Until Page Contains Element" owner="AppiumLibrary">
<msg time="2024-11-08T18:01:35.163224" level="INFO">xpath criteria: //android.widget.EditText</msg>
<arg>${element_locator}</arg>
<arg>timeout=60s</arg>
<doc>Waits until element specified with `locator` appears on current page.</doc>
<status status="PASS" start="2024-11-08T18:01:34.967757" elapsed="0.195467"/>
</kw>
<arg>${LOGIN_EMPRESA_FIELD}</arg>
<doc>Espera hasta que un elemento esté presente en la pantalla.</doc>
<status status="PASS" start="2024-11-08T18:01:34.967757" elapsed="0.196454"/>
</kw>
<kw name="Ingresar Empresa" owner="keywords">
<kw name="Input Text" owner="AppiumLibrary">
<msg time="2024-11-08T18:01:35.172264" level="INFO">Typing text 'Empresa pruebas' into text field '//android.widget.EditText'</msg>
<msg time="2024-11-08T18:01:35.486615" level="INFO">xpath criteria: //android.widget.EditText</msg>
<arg>${LOGIN_EMPRESA_FIELD}</arg>
<arg>${nombre_empresa}</arg>
<doc>Types the given `text` into text field identified by `locator`.</doc>
<status status="PASS" start="2024-11-08T18:01:35.165167" elapsed="0.321448"/>
</kw>
<arg>${NAME_COMPANY}</arg>
<doc>Ingresa el nombre de la empresa en el campo correspondiente.</doc>
<status status="PASS" start="2024-11-08T18:01:35.164211" elapsed="0.322404"/>
</kw>
<kw name="Seleccionar Empresa" owner="keywords">
<kw name="Wait Until Element Is Visible" owner="AppiumLibrary">
<arg>accessibility_id=${COMPANY_SELECTOR}</arg>
<arg>timeout=10s</arg>
<doc>Waits until element specified with `locator` is visible.</doc>
<status status="PASS" start="2024-11-08T18:01:35.490474" elapsed="0.750881"/>
</kw>
<kw name="Click Element" owner="AppiumLibrary">
<msg time="2024-11-08T18:01:36.246462" level="INFO">Clicking element 'accessibility_id=Empresa pruebas'.</msg>
<arg>accessibility_id=${COMPANY_SELECTOR}</arg>
<doc>Click element identified by `locator`.</doc>
<status status="PASS" start="2024-11-08T18:01:36.242326" elapsed="0.416958"/>
</kw>
<doc>Selecciona la empresa correcta utilizando el `accessibility_id`.</doc>
<status status="PASS" start="2024-11-08T18:01:35.488564" elapsed="1.170720"/>
</kw>
<kw name="Clic en Continuar" owner="keywords">
<kw name="Click Element" owner="AppiumLibrary">
<msg time="2024-11-08T18:01:36.666437" level="INFO">Clicking element '//android.widget.Button[@content-desc="Continuar"]'.</msg>
<msg time="2024-11-08T18:01:38.240807" level="INFO">xpath criteria: //android.widget.Button[@content-desc="Continuar"]</msg>
<arg>${LOGIN_SUBMIT_BUTTON_CONTINUAR}</arg>
<doc>Click element identified by `locator`.</doc>
<status status="PASS" start="2024-11-08T18:01:36.661556" elapsed="1.580675"/>
</kw>
<doc>Da clic en el botón continuar.</doc>
<status status="PASS" start="2024-11-08T18:01:36.660569" elapsed="1.582133"/>
</kw>
<kw name="Esperar Elemento" owner="keywords">
<kw name="Wait Until Page Contains Element" owner="AppiumLibrary">
<msg time="2024-11-08T18:01:38.718843" level="INFO">xpath criteria: //android.widget.EditText</msg>
<arg>${element_locator}</arg>
<arg>timeout=60s</arg>
<doc>Waits until element specified with `locator` appears on current page.</doc>
<status status="PASS" start="2024-11-08T18:01:38.247580" elapsed="0.472604"/>
</kw>
<arg>${EMAIL_FIELD}</arg>
<doc>Espera hasta que un elemento esté presente en la pantalla.</doc>
<status status="PASS" start="2024-11-08T18:01:38.245627" elapsed="0.475165"/>
</kw>
<kw name="Ingresar Correo" owner="keywords">
<kw name="Input Text" owner="AppiumLibrary">
<msg time="2024-11-08T18:01:38.738891" level="INFO">Typing text 'chayan@yopmail.com' into text field '//android.widget.EditText'</msg>
<msg time="2024-11-08T18:01:39.116759" level="INFO">xpath criteria: //android.widget.EditText</msg>
<arg>${EMAIL_FIELD}</arg>
<arg>${correo}</arg>
<doc>Types the given `text` into text field identified by `locator`.</doc>
<status status="PASS" start="2024-11-08T18:01:38.727584" elapsed="0.390160"/>
</kw>
<arg>${USER1_DETAILS}</arg>
<doc>Ingresa el correo electrónico en el campo correspondiente.</doc>
<status status="PASS" start="2024-11-08T18:01:38.724660" elapsed="0.394082"/>
</kw>
<kw name="Clic en Verificar" owner="keywords">
<kw name="Click Element" owner="AppiumLibrary">
<msg time="2024-11-08T18:01:39.138872" level="INFO">Clicking element '//android.widget.Button[@content-desc="Verificar"]'.</msg>
<msg time="2024-11-08T18:01:41.028413" level="INFO">xpath criteria: //android.widget.Button[@content-desc="Verificar"]</msg>
<arg>${VERIFICAR_BUTTON_}</arg>
<doc>Click element identified by `locator`.</doc>
<status status="PASS" start="2024-11-08T18:01:39.124399" elapsed="1.904014"/>
</kw>
<doc>Da clic en el botón verificar.</doc>
<status status="PASS" start="2024-11-08T18:01:39.121993" elapsed="1.908404"/>
</kw>
<kw name="Esperar Elemento" owner="keywords">
<kw name="Wait Until Page Contains Element" owner="AppiumLibrary">
<msg time="2024-11-08T18:01:41.235065" level="INFO">xpath criteria: //android.widget.ImageView[@content-desc="Inicia sesión con número celular"]</msg>
<arg>${element_locator}</arg>
<arg>timeout=60s</arg>
<doc>Waits until element specified with `locator` appears on current page.</doc>
<status status="PASS" start="2024-11-08T18:01:41.032880" elapsed="0.203164"/>
</kw>
<arg>${CONTUNIAR_CON_CELULAR_BUTTON}</arg>
<doc>Espera hasta que un elemento esté presente en la pantalla.</doc>
<status status="PASS" start="2024-11-08T18:01:41.031898" elapsed="0.204146"/>
</kw>
<kw name="Click en" owner="keywords">
<kw name="Click Element" owner="AppiumLibrary">
<msg time="2024-11-08T18:01:41.244826" level="INFO">Clicking element '//android.widget.ImageView[@content-desc="Inicia sesión con número celular"]'.</msg>
<msg time="2024-11-08T18:01:41.621896" level="INFO">xpath criteria: //android.widget.ImageView[@content-desc="Inicia sesión con número celular"]</msg>
<arg>${element_locator}</arg>
<doc>Click element identified by `locator`.</doc>
<status status="PASS" start="2024-11-08T18:01:41.238970" elapsed="0.383794"/>
</kw>
<arg>${CONTUNIAR_CON_CELULAR_BUTTON}</arg>
<doc>Click en el elemento.</doc>
<status status="PASS" start="2024-11-08T18:01:41.237996" elapsed="0.385751"/>
</kw>
<kw name="Esperar Elemento" owner="keywords">
<kw name="Wait Until Page Contains Element" owner="AppiumLibrary">
<msg time="2024-11-08T18:01:43.305678" level="INFO">xpath criteria: //android.widget.EditText</msg>
<arg>${element_locator}</arg>
<arg>timeout=60s</arg>
<doc>Waits until element specified with `locator` appears on current page.</doc>
<status status="PASS" start="2024-11-08T18:01:41.629588" elapsed="1.677062"/>
</kw>
<arg>${NUMBER_FIELD}</arg>
<doc>Espera hasta que un elemento esté presente en la pantalla.</doc>
<status status="PASS" start="2024-11-08T18:01:41.626674" elapsed="1.680938"/>
</kw>
<kw name="Ingresar numero" owner="keywords">
<kw name="Input Text" owner="AppiumLibrary">
<msg time="2024-11-08T18:01:43.323955" level="INFO">Typing text '3158776270' into text field '//android.widget.EditText'</msg>
<msg time="2024-11-08T18:01:43.667596" level="INFO">xpath criteria: //android.widget.EditText</msg>
<arg>${NUMBER_FIELD}</arg>
<arg>${numero}</arg>
<doc>Types the given `text` into text field identified by `locator`.</doc>
<status status="PASS" start="2024-11-08T18:01:43.312503" elapsed="0.355938"/>
</kw>
<arg>${USER_NUMBER}</arg>
<doc>Ingresa el numero telefonico en el campo correspondiente.</doc>
<status status="PASS" start="2024-11-08T18:01:43.310541" elapsed="0.358983"/>
</kw>
<kw name="Clic en Continuar" owner="keywords">
<kw name="Click Element" owner="AppiumLibrary">
<msg time="2024-11-08T18:01:43.688387" level="INFO">Clicking element '//android.widget.Button[@content-desc="Continuar"]'.</msg>
<msg time="2024-11-08T18:01:46.208430" level="INFO">xpath criteria: //android.widget.Button[@content-desc="Continuar"]</msg>
<arg>${LOGIN_SUBMIT_BUTTON_CONTINUAR}</arg>
<doc>Click element identified by `locator`.</doc>
<status status="PASS" start="2024-11-08T18:01:43.674768" elapsed="2.533662"/>
</kw>
<doc>Da clic en el botón continuar.</doc>
<status status="PASS" start="2024-11-08T18:01:43.672815" elapsed="2.537339"/>
</kw>
<kw name="Esperar Campos de Verificación" owner="keywords">
<kw name="Wait Until Page Contains Element" owner="AppiumLibrary">
<msg time="2024-11-08T18:01:46.421485" level="INFO">xpath criteria: //android.widget.FrameLayout[@resource-id="android:id/content"]/android.widget.FrameLayout/android.view.View/android.view.View/android.view.View/android.view.View/android.view.View[2]/android.view.View/android.view.View/android.view.View[4]/android.widget.EditText[1]</msg>
<arg>//android.widget.FrameLayout[@resource-id="android:id/content"]/android.widget.FrameLayout/android.view.View/android.view.View/android.view.View/android.view.View/android.view.View[2]/android.view.View/android.view.View/android.view.View[4]/android.widget.EditText[1]</arg>
<arg>timeout=10s</arg>
<doc>Waits until element specified with `locator` appears on current page.</doc>
<status status="PASS" start="2024-11-08T18:01:46.214656" elapsed="0.207903"/>
</kw>
<doc>Espera hasta que los campos de verificación estén visibles.</doc>
<status status="PASS" start="2024-11-08T18:01:46.212700" elapsed="0.210756"/>
</kw>
<kw name="Ingresar Código Verificación" owner="keywords">
<kw name="Input Text" owner="AppiumLibrary">
<msg time="2024-11-08T18:01:46.444830" level="INFO">Typing text '1' into text field '//android.widget.FrameLayout[@resource-id="android:id/content"]/android.widget.FrameLayout/android.view.View/android.view.View/android.view.View/android.view.View/android.view.View[2]/android.view.View/android.view.View/android.view.View[4]/android.widget.EditText[1]'</msg>
<msg time="2024-11-08T18:01:47.223120" level="INFO">xpath criteria: //android.widget.FrameLayout[@resource-id="android:id/content"]/android.widget.FrameLayout/android.view.View/android.view.View/android.view.View/android.view.View/android.view.View[2]/android.view.View/android.view.View/android.view.View[4]/android.widget.EditText[1]</msg>
<arg>//android.widget.FrameLayout[@resource-id="android:id/content"]/android.widget.FrameLayout/android.view.View/android.view.View/android.view.View/android.view.View/android.view.View[2]/android.view.View/android.view.View/android.view.View[4]/android.widget.EditText[1]</arg>
<arg>${codigo[0]}</arg>
<doc>Types the given `text` into text field identified by `locator`.</doc>
<status status="PASS" start="2024-11-08T18:01:46.428338" elapsed="0.795845"/>
</kw>
<kw name="Input Text" owner="AppiumLibrary">
<msg time="2024-11-08T18:01:47.241521" level="INFO">Typing text '1' into text field '//android.widget.FrameLayout[@resource-id="android:id/content"]/android.widget.FrameLayout/android.view.View/android.view.View/android.view.View/android.view.View/android.view.View[2]/android.view.View/android.view.View/android.view.View[4]/android.widget.EditText[2]'</msg>
<msg time="2024-11-08T18:01:48.662701" level="INFO">xpath criteria: //android.widget.FrameLayout[@resource-id="android:id/content"]/android.widget.FrameLayout/android.view.View/android.view.View/android.view.View/android.view.View/android.view.View[2]/android.view.View/android.view.View/android.view.View[4]/android.widget.EditText[2]</msg>
<arg>//android.widget.FrameLayout[@resource-id="android:id/content"]/android.widget.FrameLayout/android.view.View/android.view.View/android.view.View/android.view.View/android.view.View[2]/android.view.View/android.view.View/android.view.View[4]/android.widget.EditText[2]</arg>
<arg>${codigo[1]}</arg>
<doc>Types the given `text` into text field identified by `locator`.</doc>
<status status="PASS" start="2024-11-08T18:01:47.224797" elapsed="1.439105"/>
</kw>
<kw name="Input Text" owner="AppiumLibrary">
<msg time="2024-11-08T18:01:48.683886" level="INFO">Typing text '1' into text field '//android.widget.FrameLayout[@resource-id="android:id/content"]/android.widget.FrameLayout/android.view.View/android.view.View/android.view.View/android.view.View/android.view.View[2]/android.view.View/android.view.View/android.view.View[4]/android.widget.EditText[3]'</msg>
<msg time="2024-11-08T18:01:49.677785" level="INFO">xpath criteria: //android.widget.FrameLayout[@resource-id="android:id/content"]/android.widget.FrameLayout/android.view.View/android.view.View/android.view.View/android.view.View/android.view.View[2]/android.view.View/android.view.View/android.view.View[4]/android.widget.EditText[3]</msg>
<arg>//android.widget.FrameLayout[@resource-id="android:id/content"]/android.widget.FrameLayout/android.view.View/android.view.View/android.view.View/android.view.View/android.view.View[2]/android.view.View/android.view.View/android.view.View[4]/android.widget.EditText[3]</arg>
<arg>${codigo[2]}</arg>
<doc>Types the given `text` into text field identified by `locator`.</doc>
<status status="PASS" start="2024-11-08T18:01:48.664921" elapsed="1.013835"/>
</kw>
<kw name="Input Text" owner="AppiumLibrary">
<msg time="2024-11-08T18:01:49.695044" level="INFO">Typing text '1' into text field '//android.widget.FrameLayout[@resource-id="android:id/content"]/android.widget.FrameLayout/android.view.View/android.view.View/android.view.View/android.view.View/android.view.View[2]/android.view.View/android.view.View/android.view.View[4]/android.widget.EditText[4]'</msg>
<msg time="2024-11-08T18:01:50.617588" level="INFO">xpath criteria: //android.widget.FrameLayout[@resource-id="android:id/content"]/android.widget.FrameLayout/android.view.View/android.view.View/android.view.View/android.view.View/android.view.View[2]/android.view.View/android.view.View/android.view.View[4]/android.widget.EditText[4]</msg>
<arg>//android.widget.FrameLayout[@resource-id="android:id/content"]/android.widget.FrameLayout/android.view.View/android.view.View/android.view.View/android.view.View/android.view.View[2]/android.view.View/android.view.View/android.view.View[4]/android.widget.EditText[4]</arg>
<arg>${codigo[3]}</arg>
<doc>Types the given `text` into text field identified by `locator`.</doc>
<status status="PASS" start="2024-11-08T18:01:49.680389" elapsed="0.938177"/>
</kw>
<arg>1111</arg>
<status status="PASS" start="2024-11-08T18:01:46.426378" elapsed="4.193165"/>
</kw>
<kw name="Clic en Verificar" owner="keywords">
<kw name="Click Element" owner="AppiumLibrary">
<msg time="2024-11-08T18:01:50.638507" level="INFO">Clicking element '//android.widget.Button[@content-desc="Verificar"]'.</msg>
<msg time="2024-11-08T18:01:52.208743" level="INFO">xpath criteria: //android.widget.Button[@content-desc="Verificar"]</msg>
<arg>${VERIFICAR_BUTTON_}</arg>
<doc>Click element identified by `locator`.</doc>
<status status="PASS" start="2024-11-08T18:01:50.624843" elapsed="1.584966"/>
</kw>
<doc>Da clic en el botón verificar.</doc>
<status status="PASS" start="2024-11-08T18:01:50.622891" elapsed="1.587804"/>
</kw>
<kw name="Cerrar Aplicación" owner="keywords">
<kw name="Close Application" owner="AppiumLibrary">
<doc>Closes the current application and also close webdriver session.</doc>
<status status="PASS" start="2024-11-08T18:01:52.216272" elapsed="0.604424"/>
</kw>
<doc>Cierra la aplicación.</doc>
<status status="PASS" start="2024-11-08T18:01:52.214603" elapsed="0.607076"/>
</kw>
<doc>Verifica que el usuario puede iniciar sesión con su empresa en un dispositivo local.</doc>
<tag>smoke</tag>
<status status="PASS" start="2024-11-08T18:00:56.476443" elapsed="56.347191"/>
</test>
<status status="PASS" start="2024-11-08T18:00:56.052562" elapsed="56.773998"/>
</suite>
<statistics>
<total>
<stat pass="1" fail="0" skip="0">All Tests</stat>
</total>
<tag>
<stat pass="1" fail="0" skip="0">smoke</stat>
</tag>
<suite>
<stat pass="1" fail="0" skip="0" id="s1" name="Happy path login-BrowserStack">Happy path login-BrowserStack</stat>
</suite>
</statistics>
<errors>
</errors>
</robot>
