<?xml version="1.0" encoding="UTF-8"?>
<robot generator="Robot 7.0.1 (Python 3.12.4 on win32)" generated="2024-11-13T15:29:46.943068" rpa="false" schemaversion="5">
<suite id="s1" name="Tests" source="C:\Users\Usuario\Documents\automation-test\tests">
<suite id="s1-s1" name="Happy path login-BrowserStack" source="C:\Users\Usuario\Documents\automation-test\tests\Happy_path_login-BrowserStack.robot">
<kw name="Configurar Tiempos de Espera" owner="keywords" type="SETUP">
<kw name="Set Appium Timeout" owner="AppiumLibrary">
<arg>120s</arg>
<doc>Sets the timeout in seconds used by various keywords.</doc>
<status status="PASS" start="2024-11-13T15:29:47.382408" elapsed="0.000000"/>
</kw>
<status status="PASS" start="2024-11-13T15:29:47.381432" elapsed="0.000976"/>
</kw>
<test id="s1-s1-t1" name="Login Con Correo BrowserStack" line="11">
<kw name="Open Aplication in Browserstack" owner="keywords">
<kw name="Open Application" owner="AppiumLibrary">
<arg>${BROWSERSTACK_URL}</arg>
<arg>platformName=${platform}</arg>
<arg>deviceName=${device}</arg>
<arg>app=${app}</arg>
<arg>automationName=${automation}</arg>
<doc>Opens a new application to given Appium server.
Capabilities of appium server, Android and iOS,
Please check https://appium.io/docs/en/2.1/cli/args/
| *Option*            | *Man.* | *Description*     |
| remote_url          | Yes    | Appium server url |
| alias               | no     | alias             |
| strict_ssl          | No     | allows you to send commands to an invalid certificate host like a self-signed one. |</doc>
<status status="PASS" start="2024-11-13T15:29:47.383961" elapsed="43.305773"/>
</kw>
<doc>Abre la aplicación en BrowserStack.</doc>
<status status="PASS" start="2024-11-13T15:29:47.383095" elapsed="43.306639"/>
</kw>
<kw name="Wait Until Page Contains Element" owner="AppiumLibrary">
<msg time="2024-11-13T15:30:31.807006" level="INFO">xpath criteria: //android.widget.Button[@content-desc="Continúa con tu empresa"]</msg>
<arg>${LOGIN_SUBMIT_CONTINUACONEMPRESA}</arg>
<doc>Waits until element specified with `locator` appears on current page.</doc>
<status status="PASS" start="2024-11-13T15:30:30.691196" elapsed="1.115810"/>
</kw>
<kw name="Click Element" owner="AppiumLibrary">
<msg time="2024-11-13T15:30:31.815806" level="INFO">Clicking element '//android.widget.Button[@content-desc="Continúa con tu empresa"]'.</msg>
<msg time="2024-11-13T15:30:33.444555" level="INFO">xpath criteria: //android.widget.Button[@content-desc="Continúa con tu empresa"]</msg>
<arg>${LOGIN_SUBMIT_CONTINUACONEMPRESA}</arg>
<doc>Click element identified by `locator`.</doc>
<status status="PASS" start="2024-11-13T15:30:31.808951" elapsed="1.635604"/>
</kw>
<kw name="Wait Until Page Contains Element" owner="AppiumLibrary">
<msg time="2024-11-13T15:30:33.660253" level="INFO">xpath criteria: //android.widget.EditText</msg>
<arg>${LOGIN_EMPRESA_FIELD}</arg>
<doc>Waits until element specified with `locator` appears on current page.</doc>
<status status="PASS" start="2024-11-13T15:30:33.445528" elapsed="0.215701"/>
</kw>
<kw name="Input Text" owner="AppiumLibrary">
<msg time="2024-11-13T15:30:33.665806" level="INFO">Typing text 'Empresa pruebas' into text field '//android.widget.EditText'</msg>
<msg time="2024-11-13T15:30:33.966613" level="INFO">xpath criteria: //android.widget.EditText</msg>
<arg>${LOGIN_EMPRESA_FIELD}</arg>
<arg>${NAME_COMPANY}</arg>
<doc>Types the given `text` into text field identified by `locator`.</doc>
<status status="PASS" start="2024-11-13T15:30:33.662206" elapsed="0.304407"/>
</kw>
<kw name="Click Element" owner="AppiumLibrary">
<msg time="2024-11-13T15:30:33.971495" level="INFO">Clicking element 'accessibility_id=Empresa pruebas'.</msg>
<arg>accessibility_id=${COMPANY_SELECTOR}</arg>
<doc>Click element identified by `locator`.</doc>
<status status="PASS" start="2024-11-13T15:30:33.967593" elapsed="0.792790"/>
</kw>
<kw name="Click Element" owner="AppiumLibrary">
<msg time="2024-11-13T15:30:34.765371" level="INFO">Clicking element '//android.widget.Button[@content-desc="Continuar"]'.</msg>
<msg time="2024-11-13T15:30:36.337104" level="INFO">xpath criteria: //android.widget.Button[@content-desc="Continuar"]</msg>
<arg>${LOGIN_SUBMIT_BUTTON_CONTINUAR}</arg>
<doc>Click element identified by `locator`.</doc>
<status status="PASS" start="2024-11-13T15:30:34.761365" elapsed="1.575739"/>
</kw>
<kw name="Wait Until Page Contains Element" owner="AppiumLibrary">
<msg time="2024-11-13T15:30:36.531846" level="INFO">xpath criteria: //android.widget.EditText</msg>
<arg>${EMAIL_FIELD}</arg>
<doc>Waits until element specified with `locator` appears on current page.</doc>
<status status="PASS" start="2024-11-13T15:30:36.338272" elapsed="0.193574"/>
</kw>
<kw name="Input Text" owner="AppiumLibrary">
<msg time="2024-11-13T15:30:36.539640" level="INFO">Typing text 'chayan@yopmail.com' into text field '//android.widget.EditText'</msg>
<msg time="2024-11-13T15:30:36.875151" level="INFO">xpath criteria: //android.widget.EditText</msg>
<arg>${EMAIL_FIELD}</arg>
<arg>${USER1_DETAILS}</arg>
<doc>Types the given `text` into text field identified by `locator`.</doc>
<status status="PASS" start="2024-11-13T15:30:36.533786" elapsed="0.341365"/>
</kw>
<kw name="Click Element" owner="AppiumLibrary">
<msg time="2024-11-13T15:30:36.884905" level="INFO">Clicking element '//android.widget.Button[@content-desc="Verificar"]'.</msg>
<msg time="2024-11-13T15:30:37.693074" level="INFO">xpath criteria: //android.widget.Button[@content-desc="Verificar"]</msg>
<arg>${VERIFICAR_BUTTON_}</arg>
<doc>Click element identified by `locator`.</doc>
<status status="PASS" start="2024-11-13T15:30:36.877099" elapsed="0.815975"/>
</kw>
<kw name="Wait Until Page Contains Element" owner="AppiumLibrary">
<msg time="2024-11-13T15:30:38.756033" level="INFO">xpath criteria: //android.widget.ImageView[@content-desc="Inicia sesión con correo"]</msg>
<arg>${CONTUNIAR_CON_CORREO_BUTTON}</arg>
<doc>Waits until element specified with `locator` appears on current page.</doc>
<status status="PASS" start="2024-11-13T15:30:37.694033" elapsed="1.062000"/>
</kw>
<kw name="Click Element" owner="AppiumLibrary">
<msg time="2024-11-13T15:30:38.763842" level="INFO">Clicking element '//android.widget.ImageView[@content-desc="Inicia sesión con correo"]'.</msg>
<msg time="2024-11-13T15:30:40.376733" level="INFO">xpath criteria: //android.widget.ImageView[@content-desc="Inicia sesión con correo"]</msg>
<arg>${CONTUNIAR_CON_CORREO_BUTTON}</arg>
<doc>Click element identified by `locator`.</doc>
<status status="PASS" start="2024-11-13T15:30:38.757396" elapsed="1.619337"/>
</kw>
<kw name="Input Text" owner="AppiumLibrary">
<msg time="2024-11-13T15:30:40.385510" level="INFO">Typing text 'chayan@yopmail.com' into text field '//android.widget.EditText'</msg>
<msg time="2024-11-13T15:30:40.719852" level="INFO">xpath criteria: //android.widget.EditText</msg>
<arg>${EMAIL_FIELD}</arg>
<arg>${USER1_DETAILS}</arg>
<doc>Types the given `text` into text field identified by `locator`.</doc>
<status status="PASS" start="2024-11-13T15:30:40.377707" elapsed="0.342145"/>
</kw>
<kw name="Click Element" owner="AppiumLibrary">
<msg time="2024-11-13T15:30:40.724077" level="INFO">Clicking element '//android.widget.Button[@content-desc="Continuar"]'.</msg>
<msg time="2024-11-13T15:30:44.154670" level="INFO">xpath criteria: //android.widget.Button[@content-desc="Continuar"]</msg>
<arg>${LOGIN_SUBMIT_BUTTON_CONTINUAR}</arg>
<doc>Click element identified by `locator`.</doc>
<status status="PASS" start="2024-11-13T15:30:40.719852" elapsed="3.434818"/>
</kw>
<kw name="Wait Until Page Contains Element" owner="AppiumLibrary">
<msg time="2024-11-13T15:30:44.792593" level="INFO">xpath criteria: //android.widget.FrameLayout[@resource-id="android:id/content"]/android.widget.FrameLayout/android.view.View/android.view.View/android.view.View/android.view.View/android.view.View[2]/android.view.View/android.view.View/android.view.View[4]/android.widget.EditText[1]</msg>
<arg>${CODE_VERIFICATION_FIELD}</arg>
<doc>Waits until element specified with `locator` appears on current page.</doc>
<status status="PASS" start="2024-11-13T15:30:44.155663" elapsed="0.636930"/>
</kw>
<kw name="Input Verefication Code" owner="keywords">
<kw name="Input Text" owner="AppiumLibrary">
<msg time="2024-11-13T15:30:44.805283" level="INFO">Typing text '1' into text field '//android.widget.FrameLayout[@resource-id="android:id/content"]/android.widget.FrameLayout/android.view.View/android.view.View/android.view.View/android.view.View/android.view.View[2]/android.view.View/android.view.View/android.view.View[4]/android.widget.EditText[1]'</msg>
<msg time="2024-11-13T15:30:45.697296" level="INFO">xpath criteria: //android.widget.FrameLayout[@resource-id="android:id/content"]/android.widget.FrameLayout/android.view.View/android.view.View/android.view.View/android.view.View/android.view.View[2]/android.view.View/android.view.View/android.view.View[4]/android.widget.EditText[1]</msg>
<arg>//android.widget.FrameLayout[@resource-id="android:id/content"]/android.widget.FrameLayout/android.view.View/android.view.View/android.view.View/android.view.View/android.view.View[2]/android.view.View/android.view.View/android.view.View[4]/android.widget.EditText[1]</arg>
<arg>${codigo[0]}</arg>
<doc>Types the given `text` into text field identified by `locator`.</doc>
<status status="PASS" start="2024-11-13T15:30:44.795523" elapsed="0.902749"/>
</kw>
<kw name="Input Text" owner="AppiumLibrary">
<msg time="2024-11-13T15:30:45.709005" level="INFO">Typing text '1' into text field '//android.widget.FrameLayout[@resource-id="android:id/content"]/android.widget.FrameLayout/android.view.View/android.view.View/android.view.View/android.view.View/android.view.View[2]/android.view.View/android.view.View/android.view.View[4]/android.widget.EditText[2]'</msg>
<msg time="2024-11-13T15:30:46.956878" level="INFO">xpath criteria: //android.widget.FrameLayout[@resource-id="android:id/content"]/android.widget.FrameLayout/android.view.View/android.view.View/android.view.View/android.view.View/android.view.View[2]/android.view.View/android.view.View/android.view.View[4]/android.widget.EditText[2]</msg>
<arg>//android.widget.FrameLayout[@resource-id="android:id/content"]/android.widget.FrameLayout/android.view.View/android.view.View/android.view.View/android.view.View/android.view.View[2]/android.view.View/android.view.View/android.view.View[4]/android.widget.EditText[2]</arg>
<arg>${codigo[1]}</arg>
<doc>Types the given `text` into text field identified by `locator`.</doc>
<status status="PASS" start="2024-11-13T15:30:45.698272" elapsed="1.259579"/>
</kw>
<kw name="Input Text" owner="AppiumLibrary">
<msg time="2024-11-13T15:30:46.962733" level="INFO">Typing text '1' into text field '//android.widget.FrameLayout[@resource-id="android:id/content"]/android.widget.FrameLayout/android.view.View/android.view.View/android.view.View/android.view.View/android.view.View[2]/android.view.View/android.view.View/android.view.View[4]/android.widget.EditText[3]'</msg>
<msg time="2024-11-13T15:30:47.908550" level="INFO">xpath criteria: //android.widget.FrameLayout[@resource-id="android:id/content"]/android.widget.FrameLayout/android.view.View/android.view.View/android.view.View/android.view.View/android.view.View[2]/android.view.View/android.view.View/android.view.View[4]/android.widget.EditText[3]</msg>
<arg>//android.widget.FrameLayout[@resource-id="android:id/content"]/android.widget.FrameLayout/android.view.View/android.view.View/android.view.View/android.view.View/android.view.View[2]/android.view.View/android.view.View/android.view.View[4]/android.widget.EditText[3]</arg>
<arg>${codigo[2]}</arg>
<doc>Types the given `text` into text field identified by `locator`.</doc>
<status status="PASS" start="2024-11-13T15:30:46.957851" elapsed="0.950699"/>
</kw>
<kw name="Input Text" owner="AppiumLibrary">
<msg time="2024-11-13T15:30:47.918309" level="INFO">Typing text '1' into text field '//android.widget.FrameLayout[@resource-id="android:id/content"]/android.widget.FrameLayout/android.view.View/android.view.View/android.view.View/android.view.View/android.view.View[2]/android.view.View/android.view.View/android.view.View[4]/android.widget.EditText[4]'</msg>
<msg time="2024-11-13T15:30:48.880993" level="INFO">xpath criteria: //android.widget.FrameLayout[@resource-id="android:id/content"]/android.widget.FrameLayout/android.view.View/android.view.View/android.view.View/android.view.View/android.view.View[2]/android.view.View/android.view.View/android.view.View[4]/android.widget.EditText[4]</msg>
<arg>//android.widget.FrameLayout[@resource-id="android:id/content"]/android.widget.FrameLayout/android.view.View/android.view.View/android.view.View/android.view.View/android.view.View[2]/android.view.View/android.view.View/android.view.View[4]/android.widget.EditText[4]</arg>
<arg>${codigo[3]}</arg>
<doc>Types the given `text` into text field identified by `locator`.</doc>
<status status="PASS" start="2024-11-13T15:30:47.908550" elapsed="0.972443"/>
</kw>
<arg>1111</arg>
<doc>Ingresa el codigo de 4 digitos</doc>
<status status="PASS" start="2024-11-13T15:30:44.794536" elapsed="4.086457"/>
</kw>
<kw name="Click Element" owner="AppiumLibrary">
<msg time="2024-11-13T15:30:48.890001" level="INFO">Clicking element '//android.widget.Button[@content-desc="Verificar"]'.</msg>
<msg time="2024-11-13T15:30:50.749239" level="INFO">xpath criteria: //android.widget.Button[@content-desc="Verificar"]</msg>
<arg>${VERIFICAR_BUTTON_}</arg>
<doc>Click element identified by `locator`.</doc>
<status status="PASS" start="2024-11-13T15:30:48.882991" elapsed="1.867071"/>
</kw>
<kw name="Close Application" owner="AppiumLibrary">
<doc>Closes the current application and also close webdriver session.</doc>
<status status="PASS" start="2024-11-13T15:30:50.751042" elapsed="0.669552"/>
</kw>
<doc>Verifica que el usuario puede iniciar sesión con su empresa en BrowserStack.</doc>
<tag>smoke</tag>
<status status="PASS" start="2024-11-13T15:29:47.382980" elapsed="64.038591"/>
</test>
<test id="s1-s1-t2" name="Login Con Celular BrowserStack" line="35">
<kw name="Open Aplication in Browserstack" owner="keywords">
<kw name="Open Application" owner="AppiumLibrary">
<arg>${BROWSERSTACK_URL}</arg>
<arg>platformName=${platform}</arg>
<arg>deviceName=${device}</arg>
<arg>app=${app}</arg>
<arg>automationName=${automation}</arg>
<doc>Opens a new application to given Appium server.
Capabilities of appium server, Android and iOS,
Please check https://appium.io/docs/en/2.1/cli/args/
| *Option*            | *Man.* | *Description*     |
| remote_url          | Yes    | Appium server url |
| alias               | no     | alias             |
| strict_ssl          | No     | allows you to send commands to an invalid certificate host like a self-signed one. |</doc>
<status status="PASS" start="2024-11-13T15:30:51.424499" elapsed="30.449608"/>
</kw>
<doc>Abre la aplicación en BrowserStack.</doc>
<status status="PASS" start="2024-11-13T15:30:51.423524" elapsed="30.450583"/>
</kw>
<kw name="Wait Until Page Contains Element" owner="AppiumLibrary">
<msg time="2024-11-13T15:31:23.011341" level="INFO">xpath criteria: //android.widget.Button[@content-desc="Continúa con tu empresa"]</msg>
<arg>${LOGIN_SUBMIT_CONTINUACONEMPRESA}</arg>
<doc>Waits until element specified with `locator` appears on current page.</doc>
<status status="PASS" start="2024-11-13T15:31:21.876061" elapsed="1.135280"/>
</kw>
<kw name="Click Element" owner="AppiumLibrary">
<msg time="2024-11-13T15:31:23.017202" level="INFO">Clicking element '//android.widget.Button[@content-desc="Continúa con tu empresa"]'.</msg>
<msg time="2024-11-13T15:31:24.645263" level="INFO">xpath criteria: //android.widget.Button[@content-desc="Continúa con tu empresa"]</msg>
<arg>${LOGIN_SUBMIT_CONTINUACONEMPRESA}</arg>
<doc>Click element identified by `locator`.</doc>
<status status="PASS" start="2024-11-13T15:31:23.012459" elapsed="1.632804"/>
</kw>
<kw name="Input Text" owner="AppiumLibrary">
<msg time="2024-11-13T15:31:24.654050" level="INFO">Typing text 'Empresa pruebas' into text field '//android.widget.EditText'</msg>
<msg time="2024-11-13T15:31:25.059915" level="INFO">xpath criteria: //android.widget.EditText</msg>
<arg>${LOGIN_EMPRESA_FIELD}</arg>
<arg>${NAME_COMPANY}</arg>
<doc>Types the given `text` into text field identified by `locator`.</doc>
<status status="PASS" start="2024-11-13T15:31:24.647221" elapsed="0.412694"/>
</kw>
<kw name="Click Element" owner="AppiumLibrary">
<msg time="2024-11-13T15:31:25.069664" level="INFO">Clicking element 'accessibility_id=Empresa pruebas'.</msg>
<arg>accessibility_id=${COMPANY_SELECTOR}</arg>
<doc>Click element identified by `locator`.</doc>
<status status="PASS" start="2024-11-13T15:31:25.061830" elapsed="0.778960"/>
</kw>
<kw name="Click Element" owner="AppiumLibrary">
<msg time="2024-11-13T15:31:25.845666" level="INFO">Clicking element '//android.widget.Button[@content-desc="Continuar"]'.</msg>
<msg time="2024-11-13T15:31:26.310912" level="INFO">xpath criteria: //android.widget.Button[@content-desc="Continuar"]</msg>
<arg>${LOGIN_SUBMIT_BUTTON_CONTINUAR}</arg>
<doc>Click element identified by `locator`.</doc>
<status status="PASS" start="2024-11-13T15:31:25.841766" elapsed="0.470122"/>
</kw>
<kw name="Wait Until Page Contains Element" owner="AppiumLibrary">
<msg time="2024-11-13T15:31:27.586754" level="INFO">xpath criteria: //android.widget.EditText</msg>
<arg>${EMAIL_FIELD}</arg>
<doc>Waits until element specified with `locator` appears on current page.</doc>
<status status="PASS" start="2024-11-13T15:31:26.312862" elapsed="1.273892"/>
</kw>
<kw name="Input Text" owner="AppiumLibrary">
<msg time="2024-11-13T15:31:27.589477" level="INFO">Typing text 'chayan@yopmail.com' into text field '//android.widget.EditText'</msg>
<msg time="2024-11-13T15:31:27.948847" level="INFO">xpath criteria: //android.widget.EditText</msg>
<arg>${EMAIL_FIELD}</arg>
<arg>${USER1_DETAILS}</arg>
<doc>Types the given `text` into text field identified by `locator`.</doc>
<status status="PASS" start="2024-11-13T15:31:27.587525" elapsed="0.361322"/>
</kw>
<kw name="Click Element" owner="AppiumLibrary">
<msg time="2024-11-13T15:31:27.959586" level="INFO">Clicking element '//android.widget.Button[@content-desc="Verificar"]'.</msg>
<msg time="2024-11-13T15:31:30.042360" level="INFO">xpath criteria: //android.widget.Button[@content-desc="Verificar"]</msg>
<arg>${VERIFICAR_BUTTON_}</arg>
<doc>Click element identified by `locator`.</doc>
<status status="PASS" start="2024-11-13T15:31:27.950803" elapsed="2.091557"/>
</kw>
<kw name="Wait Until Page Contains Element" owner="AppiumLibrary">
<msg time="2024-11-13T15:31:30.276833" level="INFO">xpath criteria: //android.widget.ImageView[@content-desc="Inicia sesión con número celular"]</msg>
<arg>${CONTUNIAR_CON_CELULAR_BUTTON}</arg>
<doc>Waits until element specified with `locator` appears on current page.</doc>
<status status="PASS" start="2024-11-13T15:31:30.044303" elapsed="0.232530"/>
</kw>
<kw name="Click Element" owner="AppiumLibrary">
<msg time="2024-11-13T15:31:30.286592" level="INFO">Clicking element '//android.widget.ImageView[@content-desc="Inicia sesión con número celular"]'.</msg>
<msg time="2024-11-13T15:31:31.703111" level="INFO">xpath criteria: //android.widget.ImageView[@content-desc="Inicia sesión con número celular"]</msg>
<arg>${CONTUNIAR_CON_CELULAR_BUTTON}</arg>
<doc>Click element identified by `locator`.</doc>
<status status="PASS" start="2024-11-13T15:31:30.278787" elapsed="1.424324"/>
</kw>
<kw name="Wait Until Page Contains Element" owner="AppiumLibrary">
<msg time="2024-11-13T15:31:31.879544" level="INFO">xpath criteria: //android.widget.EditText</msg>
<arg>${NUMBER_FIELD}</arg>
<doc>Waits until element specified with `locator` appears on current page.</doc>
<status status="PASS" start="2024-11-13T15:31:31.704087" elapsed="0.175457"/>
</kw>
<kw name="Input Text" owner="AppiumLibrary">
<msg time="2024-11-13T15:31:31.891318" level="INFO">Typing text '3158776270' into text field '//android.widget.EditText'</msg>
<msg time="2024-11-13T15:31:33.000639" level="INFO">xpath criteria: //android.widget.EditText</msg>
<arg>${EMAIL_FIELD}</arg>
<arg>${USER_NUMBER}</arg>
<doc>Types the given `text` into text field identified by `locator`.</doc>
<status status="PASS" start="2024-11-13T15:31:31.881486" elapsed="1.120177"/>
</kw>
<kw name="Click Element" owner="AppiumLibrary">
<msg time="2024-11-13T15:31:33.006542" level="INFO">Clicking element '//android.widget.Button[@content-desc="Continuar"]'.</msg>
<msg time="2024-11-13T15:31:35.745677" level="INFO">xpath criteria: //android.widget.Button[@content-desc="Continuar"]</msg>
<arg>${LOGIN_SUBMIT_BUTTON_CONTINUAR}</arg>
<doc>Click element identified by `locator`.</doc>
<status status="PASS" start="2024-11-13T15:31:33.002639" elapsed="2.743038"/>
</kw>
<kw name="Wait Until Page Contains Element" owner="AppiumLibrary">
<msg time="2024-11-13T15:31:36.012124" level="INFO">xpath criteria: //android.widget.FrameLayout[@resource-id="android:id/content"]/android.widget.FrameLayout/android.view.View/android.view.View/android.view.View/android.view.View/android.view.View[2]/android.view.View/android.view.View/android.view.View[4]/android.widget.EditText[1]</msg>
<arg>${CODE_VERIFICATION_FIELD}</arg>
<arg>timeout=10s</arg>
<doc>Waits until element specified with `locator` appears on current page.</doc>
<status status="PASS" start="2024-11-13T15:31:35.747634" elapsed="0.264490"/>
</kw>
<kw name="Input Verefication Code" owner="keywords">
<kw name="Input Text" owner="AppiumLibrary">
<msg time="2024-11-13T15:31:36.019933" level="INFO">Typing text '1' into text field '//android.widget.FrameLayout[@resource-id="android:id/content"]/android.widget.FrameLayout/android.view.View/android.view.View/android.view.View/android.view.View/android.view.View[2]/android.view.View/android.view.View/android.view.View[4]/android.widget.EditText[1]'</msg>
<msg time="2024-11-13T15:31:36.831587" level="INFO">xpath criteria: //android.widget.FrameLayout[@resource-id="android:id/content"]/android.widget.FrameLayout/android.view.View/android.view.View/android.view.View/android.view.View/android.view.View[2]/android.view.View/android.view.View/android.view.View[4]/android.widget.EditText[1]</msg>
<arg>//android.widget.FrameLayout[@resource-id="android:id/content"]/android.widget.FrameLayout/android.view.View/android.view.View/android.view.View/android.view.View/android.view.View[2]/android.view.View/android.view.View/android.view.View[4]/android.widget.EditText[1]</arg>
<arg>${codigo[0]}</arg>
<doc>Types the given `text` into text field identified by `locator`.</doc>
<status status="PASS" start="2024-11-13T15:31:36.014075" elapsed="0.818471"/>
</kw>
<kw name="Input Text" owner="AppiumLibrary">
<msg time="2024-11-13T15:31:36.847405" level="INFO">Typing text '1' into text field '//android.widget.FrameLayout[@resource-id="android:id/content"]/android.widget.FrameLayout/android.view.View/android.view.View/android.view.View/android.view.View/android.view.View[2]/android.view.View/android.view.View/android.view.View[4]/android.widget.EditText[2]'</msg>
<msg time="2024-11-13T15:31:38.019322" level="INFO">xpath criteria: //android.widget.FrameLayout[@resource-id="android:id/content"]/android.widget.FrameLayout/android.view.View/android.view.View/android.view.View/android.view.View/android.view.View[2]/android.view.View/android.view.View/android.view.View[4]/android.widget.EditText[2]</msg>
<arg>//android.widget.FrameLayout[@resource-id="android:id/content"]/android.widget.FrameLayout/android.view.View/android.view.View/android.view.View/android.view.View/android.view.View[2]/android.view.View/android.view.View/android.view.View[4]/android.widget.EditText[2]</arg>
<arg>${codigo[1]}</arg>
<doc>Types the given `text` into text field identified by `locator`.</doc>
<status status="PASS" start="2024-11-13T15:31:36.832546" elapsed="1.187752"/>
</kw>
<kw name="Input Text" owner="AppiumLibrary">
<msg time="2024-11-13T15:31:38.031031" level="INFO">Typing text '1' into text field '//android.widget.FrameLayout[@resource-id="android:id/content"]/android.widget.FrameLayout/android.view.View/android.view.View/android.view.View/android.view.View/android.view.View[2]/android.view.View/android.view.View/android.view.View[4]/android.widget.EditText[3]'</msg>
<msg time="2024-11-13T15:31:38.940931" level="INFO">xpath criteria: //android.widget.FrameLayout[@resource-id="android:id/content"]/android.widget.FrameLayout/android.view.View/android.view.View/android.view.View/android.view.View/android.view.View[2]/android.view.View/android.view.View/android.view.View[4]/android.widget.EditText[3]</msg>
<arg>//android.widget.FrameLayout[@resource-id="android:id/content"]/android.widget.FrameLayout/android.view.View/android.view.View/android.view.View/android.view.View/android.view.View[2]/android.view.View/android.view.View/android.view.View[4]/android.widget.EditText[3]</arg>
<arg>${codigo[2]}</arg>
<doc>Types the given `text` into text field identified by `locator`.</doc>
<status status="PASS" start="2024-11-13T15:31:38.021442" elapsed="0.919489"/>
</kw>
<kw name="Input Text" owner="AppiumLibrary">
<msg time="2024-11-13T15:31:38.951655" level="INFO">Typing text '1' into text field '//android.widget.FrameLayout[@resource-id="android:id/content"]/android.widget.FrameLayout/android.view.View/android.view.View/android.view.View/android.view.View/android.view.View[2]/android.view.View/android.view.View/android.view.View[4]/android.widget.EditText[4]'</msg>
<msg time="2024-11-13T15:31:40.763080" level="INFO">xpath criteria: //android.widget.FrameLayout[@resource-id="android:id/content"]/android.widget.FrameLayout/android.view.View/android.view.View/android.view.View/android.view.View/android.view.View[2]/android.view.View/android.view.View/android.view.View[4]/android.widget.EditText[4]</msg>
<arg>//android.widget.FrameLayout[@resource-id="android:id/content"]/android.widget.FrameLayout/android.view.View/android.view.View/android.view.View/android.view.View/android.view.View[2]/android.view.View/android.view.View/android.view.View[4]/android.widget.EditText[4]</arg>
<arg>${codigo[3]}</arg>
<doc>Types the given `text` into text field identified by `locator`.</doc>
<status status="PASS" start="2024-11-13T15:31:38.941899" elapsed="1.821181"/>
</kw>
<arg>1111</arg>
<doc>Ingresa el codigo de 4 digitos</doc>
<status status="PASS" start="2024-11-13T15:31:36.013206" elapsed="4.750844"/>
</kw>
<kw name="Click Element" owner="AppiumLibrary">
<msg time="2024-11-13T15:31:40.772850" level="INFO">Clicking element '//android.widget.Button[@content-desc="Verificar"]'.</msg>
<msg time="2024-11-13T15:31:44.685176" level="INFO">xpath criteria: //android.widget.Button[@content-desc="Verificar"]</msg>
<arg>${VERIFICAR_BUTTON_}</arg>
<doc>Click element identified by `locator`.</doc>
<status status="PASS" start="2024-11-13T15:31:40.765021" elapsed="3.920155"/>
</kw>
<kw name="Close Application" owner="AppiumLibrary">
<doc>Closes the current application and also close webdriver session.</doc>
<status status="PASS" start="2024-11-13T15:31:44.687182" elapsed="0.556189"/>
</kw>
<doc>Verifica que el usuario puede iniciar sesión con su empresa en un dispositivo local.</doc>
<tag>smoke</tag>
<status status="PASS" start="2024-11-13T15:30:51.422548" elapsed="53.822778"/>
</test>
<status status="PASS" start="2024-11-13T15:29:47.025073" elapsed="118.224410"/>
</suite>
<suite id="s1-s2" name="Happy path loging - Local" source="C:\Users\Usuario\Documents\automation-test\tests\Happy_path_loging - Local.robot">
<kw name="Configurar Tiempos de Espera" owner="keywords" type="SETUP">
<kw name="Set Appium Timeout" owner="AppiumLibrary">
<arg>120s</arg>
<doc>Sets the timeout in seconds used by various keywords.</doc>
<status status="PASS" start="2024-11-13T15:31:45.279489" elapsed="0.001068"/>
</kw>
<status status="PASS" start="2024-11-13T15:31:45.279489" elapsed="0.001068"/>
</kw>
<test id="s1-s2-t1" name="Login Con Correo Local" line="11">
<kw name="Open Aplication in Local Device" owner="keywords">
<kw name="Open Application" owner="AppiumLibrary">
<msg time="2024-11-13T15:31:47.291959" level="WARN">Retrying (Retry(total=2, connect=None, read=None, redirect=None, status=None)) after connection broken by 'NewConnectionError('&lt;urllib3.connection.HTTPConnection object at 0x000002D61F54D880&gt;: Failed to establish a new connection: [WinError 10061] No se puede establecer una conexión ya que el equipo de destino denegó expresamente dicha conexión')': /session</msg>
<msg time="2024-11-13T15:31:49.300037" level="WARN">Retrying (Retry(total=1, connect=None, read=None, redirect=None, status=None)) after connection broken by 'NewConnectionError('&lt;urllib3.connection.HTTPConnection object at 0x000002D61F54D3D0&gt;: Failed to establish a new connection: [WinError 10061] No se puede establecer una conexión ya que el equipo de destino denegó expresamente dicha conexión')': /session</msg>
<msg time="2024-11-13T15:31:51.307316" level="WARN">Retrying (Retry(total=0, connect=None, read=None, redirect=None, status=None)) after connection broken by 'NewConnectionError('&lt;urllib3.connection.HTTPConnection object at 0x000002D61F578260&gt;: Failed to establish a new connection: [WinError 10061] No se puede establecer una conexión ya que el equipo de destino denegó expresamente dicha conexión')': /session</msg>
<kw name="Capture Page Screenshot" owner="AppiumLibrary">
<msg time="2024-11-13T15:31:53.315381" level="FAIL">No application is open</msg>
<doc>Takes a screenshot of the current page and embeds it into the log.</doc>
<status status="FAIL" start="2024-11-13T15:31:53.315381" elapsed="0.402112">No application is open</status>
</kw>
<msg time="2024-11-13T15:31:53.719446" level="WARN">Keyword 'Capture Page Screenshot' could not be run on failure: No application is open</msg>
<msg time="2024-11-13T15:31:53.719446" level="FAIL">MaxRetryError: HTTPConnectionPool(host='127.0.0.1', port=4723): Max retries exceeded with url: /session (Caused by NewConnectionError('&lt;urllib3.connection.HTTPConnection object at 0x000002D61F57A870&gt;: Failed to establish a new connection: [WinError 10061] No se puede establecer una conexión ya que el equipo de destino denegó expresamente dicha conexión'))</msg>
<arg>${APPIUM_SERVER}</arg>
<arg>platformName=${platform}</arg>
<arg>deviceName=${device}</arg>
<arg>appPackage=${app_package}</arg>
<arg>appActivity=${app_activity}</arg>
<arg>automationName=${automation}</arg>
<doc>Opens a new application to given Appium server.
Capabilities of appium server, Android and iOS,
Please check https://appium.io/docs/en/2.1/cli/args/
| *Option*            | *Man.* | *Description*     |
| remote_url          | Yes    | Appium server url |
| alias               | no     | alias             |
| strict_ssl          | No     | allows you to send commands to an invalid certificate host like a self-signed one. |</doc>
<status status="FAIL" start="2024-11-13T15:31:45.282426" elapsed="8.440924">MaxRetryError: HTTPConnectionPool(host='127.0.0.1', port=4723): Max retries exceeded with url: /session (Caused by NewConnectionError('&lt;urllib3.connection.HTTPConnection object at 0x000002D61F57A870&gt;: Failed to establish a new connection: [WinError 10061] No se puede establecer una conexión ya que el equipo de destino denegó expresamente dicha conexión'))</status>
</kw>
<doc>Abre la aplicación local usando Appium.</doc>
<status status="FAIL" start="2024-11-13T15:31:45.281475" elapsed="8.441875">MaxRetryError: HTTPConnectionPool(host='127.0.0.1', port=4723): Max retries exceeded with url: /session (Caused by NewConnectionError('&lt;urllib3.connection.HTTPConnection object at 0x000002D61F57A870&gt;: Failed to establish a new connection: [WinError 10061] No se puede establecer una conexión ya que el equipo de destino denegó expresamente dicha conexión'))</status>
</kw>
<kw name="Wait Until Page Contains Element" owner="AppiumLibrary">
<arg>${LOGIN_SUBMIT_CONTINUACONEMPRESA}</arg>
<doc>Waits until element specified with `locator` appears on current page.</doc>
<status status="NOT RUN" start="2024-11-13T15:31:53.723350" elapsed="0.000000"/>
</kw>
<kw name="Click Element" owner="AppiumLibrary">
<arg>${LOGIN_SUBMIT_CONTINUACONEMPRESA}</arg>
<doc>Click element identified by `locator`.</doc>
<status status="NOT RUN" start="2024-11-13T15:31:53.724327" elapsed="0.000000"/>
</kw>
<kw name="Wait Until Page Contains Element" owner="AppiumLibrary">
<arg>${LOGIN_EMPRESA_FIELD}</arg>
<doc>Waits until element specified with `locator` appears on current page.</doc>
<status status="NOT RUN" start="2024-11-13T15:31:53.724327" elapsed="0.000000"/>
</kw>
<kw name="Input Text" owner="AppiumLibrary">
<arg>${LOGIN_EMPRESA_FIELD}</arg>
<arg>${NAME_COMPANY}</arg>
<doc>Types the given `text` into text field identified by `locator`.</doc>
<status status="NOT RUN" start="2024-11-13T15:31:53.724327" elapsed="0.000000"/>
</kw>
<kw name="Click Element" owner="AppiumLibrary">
<arg>accessibility_id=${COMPANY_SELECTOR}</arg>
<doc>Click element identified by `locator`.</doc>
<status status="NOT RUN" start="2024-11-13T15:31:53.724327" elapsed="0.000000"/>
</kw>
<kw name="Click Element" owner="AppiumLibrary">
<arg>${LOGIN_SUBMIT_BUTTON_CONTINUAR}</arg>
<doc>Click element identified by `locator`.</doc>
<status status="NOT RUN" start="2024-11-13T15:31:53.725303" elapsed="0.000000"/>
</kw>
<kw name="Wait Until Page Contains Element" owner="AppiumLibrary">
<arg>${EMAIL_FIELD}</arg>
<doc>Waits until element specified with `locator` appears on current page.</doc>
<status status="NOT RUN" start="2024-11-13T15:31:53.725303" elapsed="0.000000"/>
</kw>
<kw name="Input Text" owner="AppiumLibrary">
<arg>${EMAIL_FIELD}</arg>
<arg>${USER1_DETAILS}</arg>
<doc>Types the given `text` into text field identified by `locator`.</doc>
<status status="NOT RUN" start="2024-11-13T15:31:53.725303" elapsed="0.000000"/>
</kw>
<kw name="Click Element" owner="AppiumLibrary">
<arg>${VERIFICAR_BUTTON_}</arg>
<doc>Click element identified by `locator`.</doc>
<status status="NOT RUN" start="2024-11-13T15:31:53.725303" elapsed="0.000000"/>
</kw>
<kw name="Wait Until Page Contains Element" owner="AppiumLibrary">
<arg>${CONTUNIAR_CON_CORREO_BUTTON}</arg>
<doc>Waits until element specified with `locator` appears on current page.</doc>
<status status="NOT RUN" start="2024-11-13T15:31:53.726278" elapsed="0.000000"/>
</kw>
<kw name="Click Element" owner="AppiumLibrary">
<arg>${CONTUNIAR_CON_CORREO_BUTTON}</arg>
<doc>Click element identified by `locator`.</doc>
<status status="NOT RUN" start="2024-11-13T15:31:53.726278" elapsed="0.000000"/>
</kw>
<kw name="Input Text" owner="AppiumLibrary">
<arg>${EMAIL_FIELD}</arg>
<arg>${USER1_DETAILS}</arg>
<doc>Types the given `text` into text field identified by `locator`.</doc>
<status status="NOT RUN" start="2024-11-13T15:31:53.726278" elapsed="0.000000"/>
</kw>
<kw name="Click Element" owner="AppiumLibrary">
<arg>${LOGIN_SUBMIT_BUTTON_CONTINUAR}</arg>
<doc>Click element identified by `locator`.</doc>
<status status="NOT RUN" start="2024-11-13T15:31:53.726278" elapsed="0.000000"/>
</kw>
<kw name="Wait Until Page Contains Element" owner="AppiumLibrary">
<arg>${CODE_VERIFICATION_FIELD}</arg>
<doc>Waits until element specified with `locator` appears on current page.</doc>
<status status="NOT RUN" start="2024-11-13T15:31:53.727255" elapsed="0.000000"/>
</kw>
<kw name="Input Verefication Code" owner="keywords">
<arg>1111</arg>
<doc>Ingresa el codigo de 4 digitos</doc>
<status status="NOT RUN" start="2024-11-13T15:31:53.727255" elapsed="0.000000"/>
</kw>
<kw name="Click Element" owner="AppiumLibrary">
<arg>${VERIFICAR_BUTTON_}</arg>
<doc>Click element identified by `locator`.</doc>
<status status="NOT RUN" start="2024-11-13T15:31:53.727255" elapsed="0.000000"/>
</kw>
<kw name="Close Application" owner="AppiumLibrary">
<doc>Closes the current application and also close webdriver session.</doc>
<status status="NOT RUN" start="2024-11-13T15:31:53.728231" elapsed="0.000000"/>
</kw>
<doc>Verifica que el usuario puede iniciar sesión con su empresa en un dispositivo local.</doc>
<tag>smoke</tag>
<status status="FAIL" start="2024-11-13T15:31:45.280557" elapsed="8.447674">MaxRetryError: HTTPConnectionPool(host='127.0.0.1', port=4723): Max retries exceeded with url: /session (Caused by NewConnectionError('&lt;urllib3.connection.HTTPConnection object at 0x000002D61F57A870&gt;: Failed to establish a new connection: [WinError 10061] No se puede establecer una conexión ya que el equipo de destino denegó expresamente dicha conexión'))</status>
</test>
<test id="s1-s2-t2" name="Login Con Celular Local" line="35">
<kw name="Open Aplication in Local Device" owner="keywords">
<kw name="Open Application" owner="AppiumLibrary">
<msg time="2024-11-13T15:31:55.733773" level="WARN">Retrying (Retry(total=2, connect=None, read=None, redirect=None, status=None)) after connection broken by 'NewConnectionError('&lt;urllib3.connection.HTTPConnection object at 0x000002D61FA40920&gt;: Failed to establish a new connection: [WinError 10061] No se puede establecer una conexión ya que el equipo de destino denegó expresamente dicha conexión')': /session</msg>
<msg time="2024-11-13T15:31:57.744452" level="WARN">Retrying (Retry(total=1, connect=None, read=None, redirect=None, status=None)) after connection broken by 'NewConnectionError('&lt;urllib3.connection.HTTPConnection object at 0x000002D61E8135F0&gt;: Failed to establish a new connection: [WinError 10061] No se puede establecer una conexión ya que el equipo de destino denegó expresamente dicha conexión')': /session</msg>
<msg time="2024-11-13T15:31:59.751783" level="WARN">Retrying (Retry(total=0, connect=None, read=None, redirect=None, status=None)) after connection broken by 'NewConnectionError('&lt;urllib3.connection.HTTPConnection object at 0x000002D61F985640&gt;: Failed to establish a new connection: [WinError 10061] No se puede establecer una conexión ya que el equipo de destino denegó expresamente dicha conexión')': /session</msg>
<kw name="Capture Page Screenshot" owner="AppiumLibrary">
<msg time="2024-11-13T15:32:01.761443" level="FAIL">No application is open</msg>
<doc>Takes a screenshot of the current page and embeds it into the log.</doc>
<status status="FAIL" start="2024-11-13T15:32:01.761443" elapsed="0.009760">No application is open</status>
</kw>
<msg time="2024-11-13T15:32:01.776090" level="WARN">Keyword 'Capture Page Screenshot' could not be run on failure: No application is open</msg>
<msg time="2024-11-13T15:32:01.779013" level="FAIL">MaxRetryError: HTTPConnectionPool(host='127.0.0.1', port=4723): Max retries exceeded with url: /session (Caused by NewConnectionError('&lt;urllib3.connection.HTTPConnection object at 0x000002D61F985340&gt;: Failed to establish a new connection: [WinError 10061] No se puede establecer una conexión ya que el equipo de destino denegó expresamente dicha conexión'))</msg>
<arg>${APPIUM_SERVER}</arg>
<arg>platformName=${platform}</arg>
<arg>deviceName=${device}</arg>
<arg>appPackage=${app_package}</arg>
<arg>appActivity=${app_activity}</arg>
<arg>automationName=${automation}</arg>
<doc>Opens a new application to given Appium server.
Capabilities of appium server, Android and iOS,
Please check https://appium.io/docs/en/2.1/cli/args/
| *Option*            | *Man.* | *Description*     |
| remote_url          | Yes    | Appium server url |
| alias               | no     | alias             |
| strict_ssl          | No     | allows you to send commands to an invalid certificate host like a self-signed one. |</doc>
<status status="FAIL" start="2024-11-13T15:31:53.730183" elapsed="8.056711">MaxRetryError: HTTPConnectionPool(host='127.0.0.1', port=4723): Max retries exceeded with url: /session (Caused by NewConnectionError('&lt;urllib3.connection.HTTPConnection object at 0x000002D61F985340&gt;: Failed to establish a new connection: [WinError 10061] No se puede establecer una conexión ya que el equipo de destino denegó expresamente dicha conexión'))</status>
</kw>
<doc>Abre la aplicación local usando Appium.</doc>
<status status="FAIL" start="2024-11-13T15:31:53.729205" elapsed="8.058594">MaxRetryError: HTTPConnectionPool(host='127.0.0.1', port=4723): Max retries exceeded with url: /session (Caused by NewConnectionError('&lt;urllib3.connection.HTTPConnection object at 0x000002D61F985340&gt;: Failed to establish a new connection: [WinError 10061] No se puede establecer una conexión ya que el equipo de destino denegó expresamente dicha conexión'))</status>
</kw>
<kw name="Wait Until Page Contains Element" owner="AppiumLibrary">
<arg>${LOGIN_SUBMIT_CONTINUACONEMPRESA}</arg>
<doc>Waits until element specified with `locator` appears on current page.</doc>
<status status="NOT RUN" start="2024-11-13T15:32:01.788776" elapsed="0.000000"/>
</kw>
<kw name="Click Element" owner="AppiumLibrary">
<arg>${LOGIN_SUBMIT_CONTINUACONEMPRESA}</arg>
<doc>Click element identified by `locator`.</doc>
<status status="NOT RUN" start="2024-11-13T15:32:01.789749" elapsed="0.000000"/>
</kw>
<kw name="Input Text" owner="AppiumLibrary">
<arg>${LOGIN_EMPRESA_FIELD}</arg>
<arg>${NAME_COMPANY}</arg>
<doc>Types the given `text` into text field identified by `locator`.</doc>
<status status="NOT RUN" start="2024-11-13T15:32:01.791093" elapsed="0.000000"/>
</kw>
<kw name="Click Element" owner="AppiumLibrary">
<arg>accessibility_id=${COMPANY_SELECTOR}</arg>
<doc>Click element identified by `locator`.</doc>
<status status="NOT RUN" start="2024-11-13T15:32:01.791704" elapsed="0.000000"/>
</kw>
<kw name="Click Element" owner="AppiumLibrary">
<arg>${LOGIN_SUBMIT_BUTTON_CONTINUAR}</arg>
<doc>Click element identified by `locator`.</doc>
<status status="NOT RUN" start="2024-11-13T15:32:01.791704" elapsed="0.000000"/>
</kw>
<kw name="Wait Until Page Contains Element" owner="AppiumLibrary">
<arg>${EMAIL_FIELD}</arg>
<doc>Waits until element specified with `locator` appears on current page.</doc>
<status status="NOT RUN" start="2024-11-13T15:32:01.792687" elapsed="0.000000"/>
</kw>
<kw name="Input Text" owner="AppiumLibrary">
<arg>${EMAIL_FIELD}</arg>
<arg>${USER1_DETAILS}</arg>
<doc>Types the given `text` into text field identified by `locator`.</doc>
<status status="NOT RUN" start="2024-11-13T15:32:01.792687" elapsed="0.000000"/>
</kw>
<kw name="Click Element" owner="AppiumLibrary">
<arg>${VERIFICAR_BUTTON_}</arg>
<doc>Click element identified by `locator`.</doc>
<status status="NOT RUN" start="2024-11-13T15:32:01.793655" elapsed="0.000000"/>
</kw>
<kw name="Wait Until Page Contains Element" owner="AppiumLibrary">
<arg>${CONTUNIAR_CON_CELULAR_BUTTON}</arg>
<doc>Waits until element specified with `locator` appears on current page.</doc>
<status status="NOT RUN" start="2024-11-13T15:32:01.794631" elapsed="0.000000"/>
</kw>
<kw name="Click Element" owner="AppiumLibrary">
<arg>${CONTUNIAR_CON_CELULAR_BUTTON}</arg>
<doc>Click element identified by `locator`.</doc>
<status status="NOT RUN" start="2024-11-13T15:32:01.794631" elapsed="0.000000"/>
</kw>
<kw name="Wait Until Page Contains Element" owner="AppiumLibrary">
<arg>${NUMBER_FIELD}</arg>
<doc>Waits until element specified with `locator` appears on current page.</doc>
<status status="NOT RUN" start="2024-11-13T15:32:01.795572" elapsed="0.000000"/>
</kw>
<kw name="Input Text" owner="AppiumLibrary">
<arg>${EMAIL_FIELD}</arg>
<arg>${USER_NUMBER}</arg>
<doc>Types the given `text` into text field identified by `locator`.</doc>
<status status="NOT RUN" start="2024-11-13T15:32:01.796582" elapsed="0.000000"/>
</kw>
<kw name="Click Element" owner="AppiumLibrary">
<arg>${LOGIN_SUBMIT_BUTTON_CONTINUAR}</arg>
<doc>Click element identified by `locator`.</doc>
<status status="NOT RUN" start="2024-11-13T15:32:01.796582" elapsed="0.000000"/>
</kw>
<kw name="Wait Until Page Contains Element" owner="AppiumLibrary">
<arg>${CODE_VERIFICATION_FIELD}</arg>
<arg>timeout=10s</arg>
<doc>Waits until element specified with `locator` appears on current page.</doc>
<status status="NOT RUN" start="2024-11-13T15:32:01.796582" elapsed="0.000000"/>
</kw>
<kw name="Input Verefication Code" owner="keywords">
<arg>1111</arg>
<doc>Ingresa el codigo de 4 digitos</doc>
<status status="NOT RUN" start="2024-11-13T15:32:01.797557" elapsed="0.000000"/>
</kw>
<kw name="Click Element" owner="AppiumLibrary">
<arg>${VERIFICAR_BUTTON_}</arg>
<doc>Click element identified by `locator`.</doc>
<status status="NOT RUN" start="2024-11-13T15:32:01.797557" elapsed="0.000000"/>
</kw>
<kw name="Close Application" owner="AppiumLibrary">
<doc>Closes the current application and also close webdriver session.</doc>
<status status="NOT RUN" start="2024-11-13T15:32:01.798538" elapsed="0.000000"/>
</kw>
<doc>Verifica que el usuario puede iniciar sesión con su empresa en un dispositivo local.</doc>
<tag>smoke</tag>
<status status="FAIL" start="2024-11-13T15:31:53.729205" elapsed="8.069333">MaxRetryError: HTTPConnectionPool(host='127.0.0.1', port=4723): Max retries exceeded with url: /session (Caused by NewConnectionError('&lt;urllib3.connection.HTTPConnection object at 0x000002D61F985340&gt;: Failed to establish a new connection: [WinError 10061] No se puede establecer una conexión ya que el equipo de destino denegó expresamente dicha conexión'))</status>
</test>
<status status="FAIL" start="2024-11-13T15:31:45.255095" elapsed="16.549293"/>
</suite>
<suite id="s1-s3" name="Validaciones Continua Empresa Browser" source="C:\Users\Usuario\Documents\automation-test\tests\Validaciones_Continua_Empresa_Browser.robot">
<kw name="Configurar Tiempos de Espera" owner="keywords" type="SETUP">
<kw name="Set Appium Timeout" owner="AppiumLibrary">
<arg>120s</arg>
<doc>Sets the timeout in seconds used by various keywords.</doc>
<status status="PASS" start="2024-11-13T15:32:01.824330" elapsed="0.000000"/>
</kw>
<status status="PASS" start="2024-11-13T15:32:01.822930" elapsed="0.001956"/>
</kw>
<test id="s1-s3-t1" name="Validación mensaje de error al no elegir empresa" line="12">
<kw name="Abrir Aplicación BrowserStack">
<msg time="2024-11-13T15:32:01.831761" level="FAIL">No keyword with name 'Abrir Aplicación BrowserStack' found.</msg>
<status status="FAIL" start="2024-11-13T15:32:01.831761" elapsed="0.000000">No keyword with name 'Abrir Aplicación BrowserStack' found.</status>
</kw>
<kw name="Click en" owner="keywords">
<arg>${LOGIN_SUBMIT_CONTINUACONEMPRESA}</arg>
<doc>Click en el elemento.</doc>
<status status="NOT RUN" start="2024-11-13T15:32:01.831761" elapsed="0.000000"/>
</kw>
<kw name="Ingresar Empresa" owner="keywords">
<arg>${NAME_COMPANY}</arg>
<doc>Ingresa el nombre de la empresa en el campo correspondiente.</doc>
<status status="NOT RUN" start="2024-11-13T15:32:01.832738" elapsed="0.000000"/>
</kw>
<kw name="Click en" owner="keywords">
<arg>${LOGIN_SUBMIT_BUTTON_CONTINUAR}</arg>
<doc>Click en el elemento.</doc>
<status status="NOT RUN" start="2024-11-13T15:32:01.833700" elapsed="0.000000"/>
</kw>
<kw name="Verificar Mensaje De Error" owner="keywords">
<arg>${ERROR_SELECCIONA_EMPRESA1}</arg>
<status status="NOT RUN" start="2024-11-13T15:32:01.833700" elapsed="0.000000"/>
</kw>
<kw name="Verificar Mensaje De Error" owner="keywords">
<arg>${ERROR_SELECCIONA_EMPRESA2}</arg>
<status status="NOT RUN" start="2024-11-13T15:32:01.835100" elapsed="0.000000"/>
</kw>
<kw name="Click en" owner="keywords">
<arg>${CERRAR_CLOSE}</arg>
<doc>Click en el elemento.</doc>
<status status="NOT RUN" start="2024-11-13T15:32:01.835618" elapsed="0.000000"/>
</kw>
<kw name="Cerrar Aplicación" owner="keywords">
<doc>Cierra la aplicación.</doc>
<status status="NOT RUN" start="2024-11-13T15:32:01.836546" elapsed="0.000000"/>
</kw>
<status status="FAIL" start="2024-11-13T15:32:01.824886" elapsed="0.012685">No keyword with name 'Abrir Aplicación BrowserStack' found.</status>
</test>
<test id="s1-s3-t2" name="Validación de error al borrar nombre de empresa" line="24">
<kw name="Abrir Aplicación BrowserStack">
<msg time="2024-11-13T15:32:01.850262" level="FAIL">No keyword with name 'Abrir Aplicación BrowserStack' found.</msg>
<status status="FAIL" start="2024-11-13T15:32:01.850262" elapsed="0.000000">No keyword with name 'Abrir Aplicación BrowserStack' found.</status>
</kw>
<kw name="Click en" owner="keywords">
<arg>${LOGIN_SUBMIT_CONTINUACONEMPRESA}</arg>
<doc>Click en el elemento.</doc>
<status status="NOT RUN" start="2024-11-13T15:32:01.851234" elapsed="0.000000"/>
</kw>
<kw name="Ingresar Empresa" owner="keywords">
<arg>${NAME_COMPANY}</arg>
<doc>Ingresa el nombre de la empresa en el campo correspondiente.</doc>
<status status="NOT RUN" start="2024-11-13T15:32:01.852216" elapsed="0.000000"/>
</kw>
<kw name="Borrar Campo Empresa" owner="keywords">
<status status="NOT RUN" start="2024-11-13T15:32:01.852216" elapsed="0.000000"/>
</kw>
<kw name="Click en" owner="keywords">
<arg>${LOGIN_SUBMIT_BUTTON_CONTINUAR}</arg>
<doc>Click en el elemento.</doc>
<status status="NOT RUN" start="2024-11-13T15:32:01.852216" elapsed="0.000000"/>
</kw>
<kw name="Verificar Mensaje De Error" owner="keywords">
<arg>${ERROR_ESCRIBIR_EMPRESA}</arg>
<status status="NOT RUN" start="2024-11-13T15:32:01.853295" elapsed="0.000000"/>
</kw>
<kw name="Cerrar Aplicación" owner="keywords">
<doc>Cierra la aplicación.</doc>
<status status="NOT RUN" start="2024-11-13T15:32:01.853295" elapsed="0.000000"/>
</kw>
<status status="FAIL" start="2024-11-13T15:32:01.844405" elapsed="0.009757">No keyword with name 'Abrir Aplicación BrowserStack' found.</status>
</test>
<test id="s1-s3-t3" name="Validación de empresa no existente" line="33">
<kw name="Abrir Aplicación BrowserStack">
<msg time="2024-11-13T15:32:01.863927" level="FAIL">No keyword with name 'Abrir Aplicación BrowserStack' found.</msg>
<status status="FAIL" start="2024-11-13T15:32:01.863927" elapsed="0.000000">No keyword with name 'Abrir Aplicación BrowserStack' found.</status>
</kw>
<kw name="Click en" owner="keywords">
<arg>${LOGIN_SUBMIT_CONTINUACONEMPRESA}</arg>
<doc>Click en el elemento.</doc>
<status status="NOT RUN" start="2024-11-13T15:32:01.864898" elapsed="0.000000"/>
</kw>
<kw name="Ingresar Empresa" owner="keywords">
<arg>${NAME_NOEXIST}</arg>
<doc>Ingresa el nombre de la empresa en el campo correspondiente.</doc>
<status status="NOT RUN" start="2024-11-13T15:32:01.865879" elapsed="0.000000"/>
</kw>
<kw name="Verificar Mensaje De Error" owner="keywords">
<arg>${ERROR_NO_EXISTE_EMPRESA}</arg>
<status status="NOT RUN" start="2024-11-13T15:32:01.865879" elapsed="0.000000"/>
</kw>
<kw name="Cerrar Aplicación" owner="keywords">
<doc>Cierra la aplicación.</doc>
<status status="NOT RUN" start="2024-11-13T15:32:01.866857" elapsed="0.000000"/>
</kw>
<status status="FAIL" start="2024-11-13T15:32:01.860019" elapsed="0.006838">No keyword with name 'Abrir Aplicación BrowserStack' found.</status>
</test>
<test id="s1-s3-t4" name="Validación ingresar dato de verificación" line="41">
<kw name="Abrir Aplicación BrowserStack">
<msg time="2024-11-13T15:32:01.873684" level="FAIL">No keyword with name 'Abrir Aplicación BrowserStack' found.</msg>
<status status="FAIL" start="2024-11-13T15:32:01.873684" elapsed="0.000000">No keyword with name 'Abrir Aplicación BrowserStack' found.</status>
</kw>
<kw name="Click en" owner="keywords">
<arg>${LOGIN_SUBMIT_CONTINUACONEMPRESA}</arg>
<doc>Click en el elemento.</doc>
<status status="NOT RUN" start="2024-11-13T15:32:01.873684" elapsed="0.000976"/>
</kw>
<kw name="Ingresar Empresa" owner="keywords">
<arg>${NAME_COMPANY}</arg>
<doc>Ingresa el nombre de la empresa en el campo correspondiente.</doc>
<status status="NOT RUN" start="2024-11-13T15:32:01.874660" elapsed="0.000000"/>
</kw>
<kw name="Click en" owner="keywords">
<arg>${ELEGIR_COMPANY}</arg>
<doc>Click en el elemento.</doc>
<status status="NOT RUN" start="2024-11-13T15:32:01.875639" elapsed="0.000000"/>
</kw>
<kw name="Click en" owner="keywords">
<arg>${LOGIN_SUBMIT_BUTTON_CONTINUAR}</arg>
<doc>Click en el elemento.</doc>
<status status="NOT RUN" start="2024-11-13T15:32:01.876156" elapsed="0.000000"/>
</kw>
<kw name="Verificar Texto en Elemento" owner="keywords">
<arg>${PAGE_VERIFY_USER}</arg>
<arg>${VERIFY_DATO_EMAIL}</arg>
<status status="NOT RUN" start="2024-11-13T15:32:01.876621" elapsed="0.000000"/>
</kw>
<kw name="Click en" owner="keywords">
<arg>${VERIFICAR_BUTTON_}</arg>
<doc>Click en el elemento.</doc>
<status status="NOT RUN" start="2024-11-13T15:32:01.876621" elapsed="0.000000"/>
</kw>
<kw name="Verificar Mensaje De Error" owner="keywords">
<arg>${INGRESAR_DATO_EMAIL}</arg>
<status status="NOT RUN" start="2024-11-13T15:32:01.877592" elapsed="0.000000"/>
</kw>
<kw name="Cerrar Aplicación" owner="keywords">
<doc>Cierra la aplicación.</doc>
<status status="NOT RUN" start="2024-11-13T15:32:01.877592" elapsed="0.000000"/>
</kw>
<status status="FAIL" start="2024-11-13T15:32:01.869783" elapsed="0.008813">No keyword with name 'Abrir Aplicación BrowserStack' found.</status>
</test>
<status status="FAIL" start="2024-11-13T15:32:01.808290" elapsed="0.075153"/>
</suite>
<suite id="s1-s4" name="Validaciones Continua Empresa local" source="C:\Users\Usuario\Documents\automation-test\tests\Validaciones_Continua_Empresa_local.robot">
<kw name="Configurar Tiempos de Espera" owner="keywords" type="SETUP">
<kw name="Set Appium Timeout" owner="AppiumLibrary">
<arg>120s</arg>
<doc>Sets the timeout in seconds used by various keywords.</doc>
<status status="PASS" start="2024-11-13T15:32:01.901016" elapsed="0.000000"/>
</kw>
<status status="PASS" start="2024-11-13T15:32:01.901016" elapsed="0.000976"/>
</kw>
<test id="s1-s4-t1" name="Validación mensaje de error al no elegir empresa" line="12">
<kw name="Abrir Aplicación Local">
<msg time="2024-11-13T15:32:01.905894" level="FAIL">No keyword with name 'Abrir Aplicación Local' found.</msg>
<status status="FAIL" start="2024-11-13T15:32:01.905894" elapsed="0.000000">No keyword with name 'Abrir Aplicación Local' found.</status>
</kw>
<kw name="Click en" owner="keywords">
<arg>${LOGIN_SUBMIT_CONTINUACONEMPRESA}</arg>
<doc>Click en el elemento.</doc>
<status status="NOT RUN" start="2024-11-13T15:32:01.906872" elapsed="0.000000"/>
</kw>
<kw name="Ingresar Empresa" owner="keywords">
<arg>${NAME_COMPANY}</arg>
<doc>Ingresa el nombre de la empresa en el campo correspondiente.</doc>
<status status="NOT RUN" start="2024-11-13T15:32:01.907201" elapsed="0.000000"/>
</kw>
<kw name="Click en" owner="keywords">
<arg>${LOGIN_SUBMIT_BUTTON_CONTINUAR}</arg>
<doc>Click en el elemento.</doc>
<status status="NOT RUN" start="2024-11-13T15:32:01.907846" elapsed="0.000000"/>
</kw>
<kw name="Verificar Mensaje De Error" owner="keywords">
<arg>${ERROR_SELECCIONA_EMPRESA1}</arg>
<status status="NOT RUN" start="2024-11-13T15:32:01.907846" elapsed="0.000000"/>
</kw>
<kw name="Verificar Mensaje De Error" owner="keywords">
<arg>${ERROR_SELECCIONA_EMPRESA2}</arg>
<status status="NOT RUN" start="2024-11-13T15:32:01.909799" elapsed="0.000000"/>
</kw>
<kw name="Click en" owner="keywords">
<arg>${CERRAR_CLOSE}</arg>
<doc>Click en el elemento.</doc>
<status status="NOT RUN" start="2024-11-13T15:32:01.909799" elapsed="0.000000"/>
</kw>
<kw name="Cerrar Aplicación" owner="keywords">
<doc>Cierra la aplicación.</doc>
<status status="NOT RUN" start="2024-11-13T15:32:01.910774" elapsed="0.000000"/>
</kw>
<status status="FAIL" start="2024-11-13T15:32:01.901992" elapsed="0.009759">No keyword with name 'Abrir Aplicación Local' found.</status>
</test>
<test id="s1-s4-t2" name="Validación de error al borrar nombre de empresa" line="24">
<kw name="Abrir Aplicación Local">
<msg time="2024-11-13T15:32:01.919558" level="FAIL">No keyword with name 'Abrir Aplicación Local' found.</msg>
<status status="FAIL" start="2024-11-13T15:32:01.919558" elapsed="0.000000">No keyword with name 'Abrir Aplicación Local' found.</status>
</kw>
<kw name="Click en" owner="keywords">
<arg>${LOGIN_SUBMIT_CONTINUACONEMPRESA}</arg>
<doc>Click en el elemento.</doc>
<status status="NOT RUN" start="2024-11-13T15:32:01.920534" elapsed="0.000000"/>
</kw>
<kw name="Ingresar Empresa" owner="keywords">
<arg>${NAME_COMPANY}</arg>
<doc>Ingresa el nombre de la empresa en el campo correspondiente.</doc>
<status status="NOT RUN" start="2024-11-13T15:32:01.921507" elapsed="0.000000"/>
</kw>
<kw name="Borrar Campo Empresa" owner="keywords">
<status status="NOT RUN" start="2024-11-13T15:32:01.922487" elapsed="0.000000"/>
</kw>
<kw name="Click en" owner="keywords">
<arg>${LOGIN_SUBMIT_BUTTON_CONTINUAR}</arg>
<doc>Click en el elemento.</doc>
<status status="NOT RUN" start="2024-11-13T15:32:01.923240" elapsed="0.000233"/>
</kw>
<kw name="Verificar Mensaje De Error" owner="keywords">
<arg>${ERROR_ESCRIBIR_EMPRESA}</arg>
<status status="NOT RUN" start="2024-11-13T15:32:01.923473" elapsed="0.000000"/>
</kw>
<kw name="Cerrar Aplicación" owner="keywords">
<doc>Cierra la aplicación.</doc>
<status status="NOT RUN" start="2024-11-13T15:32:01.924472" elapsed="0.000000"/>
</kw>
<status status="FAIL" start="2024-11-13T15:32:01.915653" elapsed="0.009208">No keyword with name 'Abrir Aplicación Local' found.</status>
</test>
<test id="s1-s4-t3" name="Validación de empresa no existente" line="33">
<kw name="Abrir Aplicación Local">
<msg time="2024-11-13T15:32:01.934199" level="FAIL">No keyword with name 'Abrir Aplicación Local' found.</msg>
<status status="FAIL" start="2024-11-13T15:32:01.933219" elapsed="0.000980">No keyword with name 'Abrir Aplicación Local' found.</status>
</kw>
<kw name="Click en" owner="keywords">
<arg>${LOGIN_SUBMIT_CONTINUACONEMPRESA}</arg>
<doc>Click en el elemento.</doc>
<status status="NOT RUN" start="2024-11-13T15:32:01.934199" elapsed="0.000976"/>
</kw>
<kw name="Ingresar Empresa" owner="keywords">
<arg>${NAME_NOEXIST}</arg>
<doc>Ingresa el nombre de la empresa en el campo correspondiente.</doc>
<status status="NOT RUN" start="2024-11-13T15:32:01.935175" elapsed="0.000000"/>
</kw>
<kw name="Verificar Mensaje De Error" owner="keywords">
<arg>${ERROR_NO_EXISTE_EMPRESA}</arg>
<status status="NOT RUN" start="2024-11-13T15:32:01.936150" elapsed="0.000000"/>
</kw>
<kw name="Cerrar Aplicación" owner="keywords">
<doc>Cierra la aplicación.</doc>
<status status="NOT RUN" start="2024-11-13T15:32:01.937123" elapsed="0.000000"/>
</kw>
<status status="FAIL" start="2024-11-13T15:32:01.929315" elapsed="0.008788">No keyword with name 'Abrir Aplicación Local' found.</status>
</test>
<test id="s1-s4-t4" name="Validación ingresar dato de verificación" line="41">
<kw name="Abrir Aplicación Local">
<msg time="2024-11-13T15:32:01.949030" level="FAIL">No keyword with name 'Abrir Aplicación Local' found.</msg>
<status status="FAIL" start="2024-11-13T15:32:01.949030" elapsed="0.000000">No keyword with name 'Abrir Aplicación Local' found.</status>
</kw>
<kw name="Click en" owner="keywords">
<arg>${LOGIN_SUBMIT_CONTINUACONEMPRESA}</arg>
<doc>Click en el elemento.</doc>
<status status="NOT RUN" start="2024-11-13T15:32:01.949813" elapsed="0.000000"/>
</kw>
<kw name="Ingresar Empresa" owner="keywords">
<arg>${NAME_COMPANY}</arg>
<doc>Ingresa el nombre de la empresa en el campo correspondiente.</doc>
<status status="NOT RUN" start="2024-11-13T15:32:01.950789" elapsed="0.000000"/>
</kw>
<kw name="Click en" owner="keywords">
<arg>${ELEGIR_COMPANY}</arg>
<doc>Click en el elemento.</doc>
<status status="NOT RUN" start="2024-11-13T15:32:01.950789" elapsed="0.000000"/>
</kw>
<kw name="Click en" owner="keywords">
<arg>${LOGIN_SUBMIT_BUTTON_CONTINUAR}</arg>
<doc>Click en el elemento.</doc>
<status status="NOT RUN" start="2024-11-13T15:32:01.951769" elapsed="0.000000"/>
</kw>
<kw name="Verificar Texto en Elemento" owner="keywords">
<arg>${PAGE_VERIFY_USER}</arg>
<arg>${VERIFY_DATO_EMAIL}</arg>
<status status="NOT RUN" start="2024-11-13T15:32:01.951769" elapsed="0.000000"/>
</kw>
<kw name="Click en" owner="keywords">
<arg>${VERIFICAR_BUTTON_}</arg>
<doc>Click en el elemento.</doc>
<status status="NOT RUN" start="2024-11-13T15:32:01.953719" elapsed="0.000000"/>
</kw>
<kw name="Verificar Mensaje De Error" owner="keywords">
<arg>${INGRESAR_DATO_EMAIL}</arg>
<status status="NOT RUN" start="2024-11-13T15:32:01.953719" elapsed="0.000972"/>
</kw>
<kw name="Cerrar Aplicación" owner="keywords">
<doc>Cierra la aplicación.</doc>
<status status="NOT RUN" start="2024-11-13T15:32:01.954858" elapsed="0.000000"/>
</kw>
<status status="FAIL" start="2024-11-13T15:32:01.944936" elapsed="0.010732">No keyword with name 'Abrir Aplicación Local' found.</status>
</test>
<status status="FAIL" start="2024-11-13T15:32:01.885473" elapsed="0.074178"/>
</suite>
<status status="FAIL" start="2024-11-13T15:29:46.946980" elapsed="135.016497"/>
</suite>
<statistics>
<total>
<stat pass="2" fail="10" skip="0">All Tests</stat>
</total>
<tag>
<stat pass="2" fail="2" skip="0">smoke</stat>
</tag>
<suite>
<stat pass="2" fail="10" skip="0" id="s1" name="Tests">Tests</stat>
<stat pass="2" fail="0" skip="0" id="s1-s1" name="Happy path login-BrowserStack">Tests.Happy path login-BrowserStack</stat>
<stat pass="0" fail="2" skip="0" id="s1-s2" name="Happy path loging - Local">Tests.Happy path loging - Local</stat>
<stat pass="0" fail="4" skip="0" id="s1-s3" name="Validaciones Continua Empresa Browser">Tests.Validaciones Continua Empresa Browser</stat>
<stat pass="0" fail="4" skip="0" id="s1-s4" name="Validaciones Continua Empresa local">Tests.Validaciones Continua Empresa local</stat>
</suite>
</statistics>
<errors>
<msg time="2024-11-13T15:31:47.291959" level="WARN">Retrying (Retry(total=2, connect=None, read=None, redirect=None, status=None)) after connection broken by 'NewConnectionError('&lt;urllib3.connection.HTTPConnection object at 0x000002D61F54D880&gt;: Failed to establish a new connection: [WinError 10061] No se puede establecer una conexión ya que el equipo de destino denegó expresamente dicha conexión')': /session</msg>
<msg time="2024-11-13T15:31:49.300037" level="WARN">Retrying (Retry(total=1, connect=None, read=None, redirect=None, status=None)) after connection broken by 'NewConnectionError('&lt;urllib3.connection.HTTPConnection object at 0x000002D61F54D3D0&gt;: Failed to establish a new connection: [WinError 10061] No se puede establecer una conexión ya que el equipo de destino denegó expresamente dicha conexión')': /session</msg>
<msg time="2024-11-13T15:31:51.307316" level="WARN">Retrying (Retry(total=0, connect=None, read=None, redirect=None, status=None)) after connection broken by 'NewConnectionError('&lt;urllib3.connection.HTTPConnection object at 0x000002D61F578260&gt;: Failed to establish a new connection: [WinError 10061] No se puede establecer una conexión ya que el equipo de destino denegó expresamente dicha conexión')': /session</msg>
<msg time="2024-11-13T15:31:53.719446" level="WARN">Keyword 'Capture Page Screenshot' could not be run on failure: No application is open</msg>
<msg time="2024-11-13T15:31:55.733773" level="WARN">Retrying (Retry(total=2, connect=None, read=None, redirect=None, status=None)) after connection broken by 'NewConnectionError('&lt;urllib3.connection.HTTPConnection object at 0x000002D61FA40920&gt;: Failed to establish a new connection: [WinError 10061] No se puede establecer una conexión ya que el equipo de destino denegó expresamente dicha conexión')': /session</msg>
<msg time="2024-11-13T15:31:57.744452" level="WARN">Retrying (Retry(total=1, connect=None, read=None, redirect=None, status=None)) after connection broken by 'NewConnectionError('&lt;urllib3.connection.HTTPConnection object at 0x000002D61E8135F0&gt;: Failed to establish a new connection: [WinError 10061] No se puede establecer una conexión ya que el equipo de destino denegó expresamente dicha conexión')': /session</msg>
<msg time="2024-11-13T15:31:59.751783" level="WARN">Retrying (Retry(total=0, connect=None, read=None, redirect=None, status=None)) after connection broken by 'NewConnectionError('&lt;urllib3.connection.HTTPConnection object at 0x000002D61F985640&gt;: Failed to establish a new connection: [WinError 10061] No se puede establecer una conexión ya que el equipo de destino denegó expresamente dicha conexión')': /session</msg>
<msg time="2024-11-13T15:32:01.776090" level="WARN">Keyword 'Capture Page Screenshot' could not be run on failure: No application is open</msg>
</errors>
</robot>
