<?xml version="1.0" encoding="UTF-8"?>
<robot generator="Robot 7.1 (Python 3.12.3 on win32)" generated="2024-10-14T18:34:44.376958" rpa="false" schemaversion="5">
<suite id="s1" name="Validaciones continuaEmpresa" source="c:\Users\LENOVOPC\Desktop\automation-test\Validaciones_continuaEmpresa.robot">
<test id="s1-t1" name="Ir a la vista anterior de Busca tu empresa" line="70">
<kw name="Abrir la aplicación en BrowserStack">
<kw name="Open Application" owner="AppiumLibrary">
<arg>${BROWSERSTACK_URL}</arg>
<arg>platformName=${PLATFORM_NAME}</arg>
<arg>deviceName=${DEVICE_NAME}</arg>
<arg>app=${APP}</arg>
<arg>automationName=${AUTOMATION_NAME}</arg>
<doc>Opens a new application to given Appium server.
Capabilities of appium server, Android and iOS,
Please check https://appium.io/docs/en/2.1/cli/args/
| *Option*            | *Man.* | *Description*     |
| remote_url          | Yes    | Appium server url |
| alias               | no     | alias             |
| strict_ssl          | No     | allows you to send commands to an invalid certificate host like a self-signed one. |</doc>
<status status="PASS" start="2024-10-14T18:34:44.624254" elapsed="31.112043"/>
</kw>
<status status="PASS" start="2024-10-14T18:34:44.623256" elapsed="31.114151"/>
</kw>
<kw name=" Esperar para ver que este el btn Continua con tu empresa">
<kw name="Wait Until Page Contains Element" owner="AppiumLibrary">
<msg time="2024-10-14T18:35:17.385329" level="INFO">xpath criteria: //android.widget.Button[@content-desc="Continua con tu empresa"]
xpath criteria: //android.widget.Button[@content-desc="Continua con tu empresa"]</msg>
<arg>${LOGIN_SUBMIT_CONTINUACONEMPRESA}</arg>
<arg>timeout=60s</arg>
<doc>Waits until element specified with `locator` appears on current page.</doc>
<status status="PASS" start="2024-10-14T18:35:15.742135" elapsed="1.650954"/>
</kw>
<status status="PASS" start="2024-10-14T18:35:15.740124" elapsed="1.653921"/>
</kw>
<kw name="Seleccionar el btn Continuar con tu empresa">
<kw name="Click Element" owner="AppiumLibrary">
<msg time="2024-10-14T18:35:17.409622" level="INFO">Clicking element '//android.widget.Button[@content-desc="Continua con tu empresa"]'.</msg>
<msg time="2024-10-14T18:35:18.981059" level="INFO">xpath criteria: //android.widget.Button[@content-desc="Continua con tu empresa"]</msg>
<arg>${LOGIN_SUBMIT_CONTINUACONEMPRESA}</arg>
<doc>Click element identified by `locator`.</doc>
<status status="PASS" start="2024-10-14T18:35:17.400483" elapsed="1.581572"/>
</kw>
<status status="PASS" start="2024-10-14T18:35:17.397568" elapsed="1.585489"/>
</kw>
<kw name="Ingresar el nombre de una empresa">
<kw name="Input Text" owner="AppiumLibrary">
<msg time="2024-10-14T18:35:19.003007" level="INFO">Typing text 'Empresa pruebas' into text field '//android.widget.EditText'</msg>
<msg time="2024-10-14T18:35:19.368025" level="INFO">xpath criteria: //android.widget.EditText</msg>
<arg>${LOGIN_EMPRESA_FIELD}</arg>
<arg>${NAME_COMPANY}</arg>
<doc>Types the given `text` into text field identified by `locator`.</doc>
<status status="PASS" start="2024-10-14T18:35:18.987173" elapsed="0.380852"/>
</kw>
<status status="PASS" start="2024-10-14T18:35:18.984567" elapsed="0.384963"/>
</kw>
<kw name="Seleccionar empresa">
<kw name="Click Element" owner="AppiumLibrary">
<msg time="2024-10-14T18:35:19.380468" level="INFO">Clicking element '//android.widget.ImageView[@content-desc="Empresa pruebas"]'.</msg>
<msg time="2024-10-14T18:35:20.286301" level="INFO">xpath criteria: //android.widget.ImageView[@content-desc="Empresa pruebas"]</msg>
<arg>${ELEGIR_COMPANY}</arg>
<doc>Click element identified by `locator`.</doc>
<status status="PASS" start="2024-10-14T18:35:19.372050" elapsed="0.914251"/>
</kw>
<status status="PASS" start="2024-10-14T18:35:19.370624" elapsed="0.916686"/>
</kw>
<kw name="Seleccionar el botón Continuar">
<kw name="Click Element" owner="AppiumLibrary">
<msg time="2024-10-14T18:35:20.297205" level="INFO">Clicking element '//android.widget.Button[@content-desc="Continuar"]'.</msg>
<msg time="2024-10-14T18:35:20.712500" level="INFO">xpath criteria: //android.widget.Button[@content-desc="Continuar"]</msg>
<arg>${LOGIN_SUBMIT_BUTTON_CONTINUAR}</arg>
<doc>Click element identified by `locator`.</doc>
<status status="PASS" start="2024-10-14T18:35:20.290931" elapsed="0.422793"/>
</kw>
<status status="PASS" start="2024-10-14T18:35:20.289582" elapsed="0.424142"/>
</kw>
<kw name="Seleccionar botón atrás">
<kw name="Click Element" owner="AppiumLibrary">
<msg time="2024-10-14T18:35:20.720254" level="INFO">Clicking element '//android.widget.FrameLayout[@resource-id="android:id/content"]/android.widget.FrameLayout/android.view.View/android.view.View/android.view.View/android.view.View/android.view.View[1]'.</msg>
<msg time="2024-10-14T18:35:22.070985" level="INFO">xpath criteria: //android.widget.FrameLayout[@resource-id="android:id/content"]/android.widget.FrameLayout/android.view.View/android.view.View/android.view.View/android.view.View/android.view.View[1]</msg>
<arg>${BOTON_ATRAS}</arg>
<doc>Click element identified by `locator`.</doc>
<status status="PASS" start="2024-10-14T18:35:20.715671" elapsed="1.356354"/>
</kw>
<kw name="Wait Until Page Contains Element" owner="AppiumLibrary">
<msg time="2024-10-14T18:35:22.857205" level="INFO">xpath criteria: //android.view.View[@content-desc="Busca tu empresa"]</msg>
<arg>${PAGE_FOUND_COMPANY}</arg>
<arg>timeout=120s</arg>
<doc>Waits until element specified with `locator` appears on current page.</doc>
<status status="PASS" start="2024-10-14T18:35:22.073009" elapsed="0.785147"/>
</kw>
<status status="PASS" start="2024-10-14T18:35:20.714270" elapsed="2.143886"/>
</kw>
<status status="PASS" start="2024-10-14T18:34:44.622259" elapsed="38.239250"/>
</test>
<status status="PASS" start="2024-10-14T18:34:44.382469" elapsed="38.486711"/>
</suite>
<statistics>
<total>
<stat pass="1" fail="0" skip="0">All Tests</stat>
</total>
<tag>
</tag>
<suite>
<stat pass="1" fail="0" skip="0" id="s1" name="Validaciones continuaEmpresa">Validaciones continuaEmpresa</stat>
</suite>
</statistics>
<errors>
</errors>
</robot>
